[
  {
    "line": 1,
    "elements": [
      {
        "start_timestamp": "2024-11-18T20:25:47.723Z",
        "line": 13,
        "name": "Automated Add Moon Test Case",
        "description": "",
        "id": "addmoons;automated-add-moon-test-case;;2",
        "type": "scenario",
        "keyword": "Scenario Outline",
        "steps": [
          {
            "result": {
              "duration": 6208059700,
              "status": "passed"
            },
            "line": 4,
            "name": "the User is logged in and on the \"http://localhost:8080/planetarium\" as \"Batman\" and \"I am the night\"",
            "match": {
              "arguments": [
                {
                  "val": "\"http://localhost:8080/planetarium\"",
                  "offset": 33
                },
                {
                  "val": "\"Batman\"",
                  "offset": 72
                },
                {
                  "val": "\"I am the night\"",
                  "offset": 85
                }
              ],
              "location": "com.revature.steps.moons.ViewMoonsSteps.theUserIsLoggedInAndOnTheAsAnd(java.lang.String,java.lang.String,java.lang.String)"
            },
            "keyword": "Given "
          },
          {
            "result": {
              "error_message": "org.openqa.selenium.NoSuchElementException: no such element: Unable to locate element: {\"method\":\"css selector\",\"selector\":\"#locationSelect\"}\n  (Session info: chrome\u003d131.0.6778.69)\nFor documentation on this error, please visit: https://www.selenium.dev/documentation/webdriver/troubleshooting/errors#no-such-element-exception\nBuild info: version: \u00274.23.0\u0027, revision: \u00274df0a231af\u0027\nSystem info: os.name: \u0027Windows 11\u0027, os.arch: \u0027amd64\u0027, os.version: \u002710.0\u0027, java.version: \u002717.0.12\u0027\nDriver info: org.openqa.selenium.chrome.ChromeDriver\nCommand: [6eab4b60430ca31664ebef667f3cbeab, findElement {value\u003dlocationSelect, using\u003did}]\nCapabilities {acceptInsecureCerts: false, browserName: chrome, browserVersion: 131.0.6778.69, chrome: {chromedriverVersion: 131.0.6778.69 (77e2244bbcda..., userDataDir: C:\\Users\\KENAN_~1\\AppData\\L...}, fedcm:accounts: true, goog:chromeOptions: {debuggerAddress: localhost:62566}, networkConnectionEnabled: false, pageLoadStrategy: normal, platformName: windows, proxy: Proxy(), se:cdp: ws://localhost:62566/devtoo..., se:cdpVersion: 131.0.6778.69, setWindowRect: true, strictFileInteractability: false, timeouts: {implicit: 0, pageLoad: 300000, script: 30000}, unhandledPromptBehavior: dismiss and notify, webauthn:extension:credBlob: true, webauthn:extension:largeBlob: true, webauthn:extension:minPinLength: true, webauthn:extension:prf: true, webauthn:virtualAuthenticators: true}\nSession ID: 6eab4b60430ca31664ebef667f3cbeab\r\n\tat java.base/jdk.internal.reflect.NativeConstructorAccessorImpl.newInstance0(Native Method)\r\n\tat java.base/jdk.internal.reflect.NativeConstructorAccessorImpl.newInstance(NativeConstructorAccessorImpl.java:77)\r\n\tat java.base/jdk.internal.reflect.DelegatingConstructorAccessorImpl.newInstance(DelegatingConstructorAccessorImpl.java:45)\r\n\tat java.base/java.lang.reflect.Constructor.newInstanceWithCaller(Constructor.java:500)\r\n\tat java.base/java.lang.reflect.Constructor.newInstance(Constructor.java:481)\r\n\tat org.openqa.selenium.remote.ErrorCodec.decode(ErrorCodec.java:167)\r\n\tat org.openqa.selenium.remote.codec.w3c.W3CHttpResponseCodec.decode(W3CHttpResponseCodec.java:138)\r\n\tat org.openqa.selenium.remote.codec.w3c.W3CHttpResponseCodec.decode(W3CHttpResponseCodec.java:50)\r\n\tat org.openqa.selenium.remote.HttpCommandExecutor.execute(HttpCommandExecutor.java:190)\r\n\tat org.openqa.selenium.remote.service.DriverCommandExecutor.invokeExecute(DriverCommandExecutor.java:216)\r\n\tat org.openqa.selenium.remote.service.DriverCommandExecutor.execute(DriverCommandExecutor.java:174)\r\n\tat org.openqa.selenium.remote.RemoteWebDriver.execute(RemoteWebDriver.java:527)\r\n\tat org.openqa.selenium.remote.ElementLocation$ElementFinder$2.findElement(ElementLocation.java:165)\r\n\tat org.openqa.selenium.remote.ElementLocation.findElement(ElementLocation.java:59)\r\n\tat org.openqa.selenium.remote.RemoteWebDriver.findElement(RemoteWebDriver.java:357)\r\n\tat org.openqa.selenium.remote.RemoteWebDriver.findElement(RemoteWebDriver.java:351)\r\n\tat org.openqa.selenium.support.pagefactory.DefaultElementLocator.findElement(DefaultElementLocator.java:68)\r\n\tat org.openqa.selenium.support.pagefactory.internal.LocatingElementHandler.invoke(LocatingElementHandler.java:38)\r\n\tat jdk.proxy2/jdk.proxy2.$Proxy15.getTagName(Unknown Source)\r\n\tat org.openqa.selenium.support.ui.Select.\u003cinit\u003e(Select.java:43)\r\n\tat com.revature.poms.HomePage.selectMoon(HomePage.java:96)\r\n\tat com.revature.steps.moons.DeleteMoonsSteps.the_User_selects_from_the_Dropdown(DeleteMoonsSteps.java:19)\r\n\tat ✽.the User selects Moon from the Dropdown(classpath:features/AddMoons.feature:5)\r\n",
              "duration": 2735428100,
              "status": "failed"
            },
            "line": 5,
            "name": "the User selects Moon from the Dropdown",
            "match": {
              "location": "com.revature.steps.moons.DeleteMoonsSteps.the_User_selects_from_the_Dropdown()"
            },
            "keyword": "When "
          },
          {
            "result": {
              "duration": 5531000,
              "status": "skipped"
            },
            "line": 6,
            "name": "inputs Moon Name \"Io\"",
            "match": {
              "arguments": [
                {
                  "val": "\"Io\"",
                  "offset": 17
                }
              ],
              "location": "com.revature.steps.moons.AddMoonsSteps.inputsMoonName(java.lang.String)"
            },
            "keyword": "And "
          },
          {
            "result": {
              "duration": 1001700,
              "status": "skipped"
            },
            "line": 7,
            "name": "inputs Orbited Planet ID of \"1\"",
            "match": {
              "arguments": [
                {
                  "val": "\"1\"",
                  "offset": 28
                }
              ],
              "location": "com.revature.steps.moons.AddMoonsSteps.inputsOrbitedPlanetIDOf(java.lang.String)"
            },
            "keyword": "And "
          },
          {
            "result": {
              "duration": 1000500,
              "status": "skipped"
            },
            "line": 8,
            "name": "inputs Image of \"\"",
            "match": {
              "arguments": [
                {
                  "val": "\"\"",
                  "offset": 16
                }
              ],
              "location": "com.revature.steps.moons.AddMoonsSteps.inputsImageOf(java.lang.String)"
            },
            "keyword": "And "
          },
          {
            "result": {
              "duration": 1000100,
              "status": "skipped"
            },
            "line": 9,
            "name": "clicks the Submit Moon Button",
            "match": {
              "location": "com.revature.steps.moons.AddMoonsSteps.clicksTheSubmitMoonButton()"
            },
            "keyword": "And "
          },
          {
            "result": {
              "duration": 999500,
              "status": "skipped"
            },
            "line": 10,
            "name": "the User should see \"Moon Created\" and \"Io\"\u003e",
            "match": {
              "arguments": [
                {
                  "val": "\"Moon Created\"",
                  "offset": 20
                },
                {
                  "val": "\"Io\"",
                  "offset": 39
                }
              ],
              "location": "com.revature.steps.moons.AddMoonsSteps.theUserShouldSeeAnd(java.lang.String,java.lang.String)"
            },
            "keyword": "Then "
          }
        ]
      }
    ],
    "name": "AddMoons",
    "description": "",
    "id": "addmoons",
    "keyword": "Feature",
    "uri": "classpath:features/AddMoons.feature",
    "tags": []
  },
  {
    "line": 1,
    "elements": [
      {
        "start_timestamp": "2024-11-18T20:25:59.285Z",
        "line": 14,
        "name": "Automated Add Planet Test Case",
        "description": "    Validate the planet added in the Planetarium have not more than 30 characters and should have unique name.Validating that Users are able to add Planets they discover to the Planetarium as long as the name of the Planet they add is not longer than 30 characters long.",
        "id": "addplanet;automated-add-planet-test-case;;2",
        "type": "scenario",
        "keyword": "Scenario Outline",
        "steps": [
          {
            "result": {
              "duration": 5990414900,
              "status": "passed"
            },
            "line": 6,
            "name": "the User is on the \"http://localhost:8080/planetarium\"",
            "match": {
              "arguments": [
                {
                  "val": "\"http://localhost:8080/planetarium\"",
                  "offset": 19
                }
              ],
              "location": "com.revature.steps.shared.SharedSteps.the_User_is_on_the(java.lang.String)"
            },
            "keyword": "Given "
          },
          {
            "result": {
              "error_message": "org.openqa.selenium.NoSuchElementException: no such element: Unable to locate element: {\"method\":\"css selector\",\"selector\":\"#planetNameInput\"}\n  (Session info: chrome\u003d131.0.6778.69)\nFor documentation on this error, please visit: https://www.selenium.dev/documentation/webdriver/troubleshooting/errors#no-such-element-exception\nBuild info: version: \u00274.23.0\u0027, revision: \u00274df0a231af\u0027\nSystem info: os.name: \u0027Windows 11\u0027, os.arch: \u0027amd64\u0027, os.version: \u002710.0\u0027, java.version: \u002717.0.12\u0027\nDriver info: org.openqa.selenium.chrome.ChromeDriver\nCommand: [6eab4b60430ca31664ebef667f3cbeab, findElement {value\u003dplanetNameInput, using\u003did}]\nCapabilities {acceptInsecureCerts: false, browserName: chrome, browserVersion: 131.0.6778.69, chrome: {chromedriverVersion: 131.0.6778.69 (77e2244bbcda..., userDataDir: C:\\Users\\KENAN_~1\\AppData\\L...}, fedcm:accounts: true, goog:chromeOptions: {debuggerAddress: localhost:62566}, networkConnectionEnabled: false, pageLoadStrategy: normal, platformName: windows, proxy: Proxy(), se:cdp: ws://localhost:62566/devtoo..., se:cdpVersion: 131.0.6778.69, setWindowRect: true, strictFileInteractability: false, timeouts: {implicit: 0, pageLoad: 300000, script: 30000}, unhandledPromptBehavior: dismiss and notify, webauthn:extension:credBlob: true, webauthn:extension:largeBlob: true, webauthn:extension:minPinLength: true, webauthn:extension:prf: true, webauthn:virtualAuthenticators: true}\nSession ID: 6eab4b60430ca31664ebef667f3cbeab\r\n\tat java.base/jdk.internal.reflect.NativeConstructorAccessorImpl.newInstance0(Native Method)\r\n\tat java.base/jdk.internal.reflect.NativeConstructorAccessorImpl.newInstance(NativeConstructorAccessorImpl.java:77)\r\n\tat java.base/jdk.internal.reflect.DelegatingConstructorAccessorImpl.newInstance(DelegatingConstructorAccessorImpl.java:45)\r\n\tat java.base/java.lang.reflect.Constructor.newInstanceWithCaller(Constructor.java:500)\r\n\tat java.base/java.lang.reflect.Constructor.newInstance(Constructor.java:481)\r\n\tat org.openqa.selenium.remote.ErrorCodec.decode(ErrorCodec.java:167)\r\n\tat org.openqa.selenium.remote.codec.w3c.W3CHttpResponseCodec.decode(W3CHttpResponseCodec.java:138)\r\n\tat org.openqa.selenium.remote.codec.w3c.W3CHttpResponseCodec.decode(W3CHttpResponseCodec.java:50)\r\n\tat org.openqa.selenium.remote.HttpCommandExecutor.execute(HttpCommandExecutor.java:190)\r\n\tat org.openqa.selenium.remote.service.DriverCommandExecutor.invokeExecute(DriverCommandExecutor.java:216)\r\n\tat org.openqa.selenium.remote.service.DriverCommandExecutor.execute(DriverCommandExecutor.java:174)\r\n\tat org.openqa.selenium.remote.RemoteWebDriver.execute(RemoteWebDriver.java:527)\r\n\tat org.openqa.selenium.remote.ElementLocation$ElementFinder$2.findElement(ElementLocation.java:165)\r\n\tat org.openqa.selenium.remote.ElementLocation.findElement(ElementLocation.java:59)\r\n\tat org.openqa.selenium.remote.RemoteWebDriver.findElement(RemoteWebDriver.java:357)\r\n\tat org.openqa.selenium.remote.RemoteWebDriver.findElement(RemoteWebDriver.java:351)\r\n\tat org.openqa.selenium.support.pagefactory.DefaultElementLocator.findElement(DefaultElementLocator.java:68)\r\n\tat org.openqa.selenium.support.pagefactory.internal.LocatingElementHandler.invoke(LocatingElementHandler.java:38)\r\n\tat jdk.proxy2/jdk.proxy2.$Proxy15.sendKeys(Unknown Source)\r\n\tat com.revature.poms.HomePage.enterPlanetName(HomePage.java:62)\r\n\tat com.revature.steps.AddPlanet.AddPlanet.the_User_enter(AddPlanet.java:14)\r\n\tat ✽.the User enter  \"Jupiter\"(classpath:features/AddPlanet.feature:7)\r\n",
              "duration": 2067215600,
              "status": "failed"
            },
            "line": 7,
            "name": "the User enter  \"Jupiter\"",
            "match": {
              "arguments": [
                {
                  "val": "\"Jupiter\"",
                  "offset": 16
                }
              ],
              "location": "com.revature.steps.AddPlanet.AddPlanet.the_User_enter(java.lang.String)"
            },
            "keyword": "When "
          },
          {
            "result": {
              "duration": 3034300,
              "status": "skipped"
            },
            "line": 8,
            "name": "clicks on Submit button",
            "match": {
              "location": "com.revature.steps.AddPlanet.AddPlanet.clicks_on_Submit_button()"
            },
            "keyword": "And "
          },
          {
            "result": {
              "duration": 2003500,
              "status": "skipped"
            },
            "line": 9,
            "name": "the User should see alert \"\"Planet added successfully.\"\"",
            "match": {},
            "keyword": "Then "
          },
          {
            "result": {
              "duration": 3525800,
              "status": "skipped"
            },
            "line": 10,
            "name": "the User should Redirect \"http://localhost:8080/planetarium\"",
            "match": {},
            "keyword": "And "
          }
        ]
      },
      {
        "start_timestamp": "2024-11-18T20:26:07.755Z",
        "line": 15,
        "name": "Automated Add Planet Test Case",
        "description": "    Validate the planet added in the Planetarium have not more than 30 characters and should have unique name.Validating that Users are able to add Planets they discover to the Planetarium as long as the name of the Planet they add is not longer than 30 characters long.",
        "id": "addplanet;automated-add-planet-test-case;;3",
        "type": "scenario",
        "keyword": "Scenario Outline",
        "steps": [
          {
            "result": {
              "error_message": "org.openqa.selenium.UnhandledAlertException: unexpected alert open: {Alert text : login attempt failed: please try again}\n  (Session info: chrome\u003d131.0.6778.69): login attempt failed: please try again\nBuild info: version: \u00274.23.0\u0027, revision: \u00274df0a231af\u0027\nSystem info: os.name: \u0027Windows 11\u0027, os.arch: \u0027amd64\u0027, os.version: \u002710.0\u0027, java.version: \u002717.0.12\u0027\nDriver info: org.openqa.selenium.chrome.ChromeDriver\nCommand: [6eab4b60430ca31664ebef667f3cbeab, get {url\u003dhttp://localhost:8080/planetarium}]\nCapabilities {acceptInsecureCerts: false, browserName: chrome, browserVersion: 131.0.6778.69, chrome: {chromedriverVersion: 131.0.6778.69 (77e2244bbcda..., userDataDir: C:\\Users\\KENAN_~1\\AppData\\L...}, fedcm:accounts: true, goog:chromeOptions: {debuggerAddress: localhost:62566}, networkConnectionEnabled: false, pageLoadStrategy: normal, platformName: windows, proxy: Proxy(), se:cdp: ws://localhost:62566/devtoo..., se:cdpVersion: 131.0.6778.69, setWindowRect: true, strictFileInteractability: false, timeouts: {implicit: 0, pageLoad: 300000, script: 30000}, unhandledPromptBehavior: dismiss and notify, webauthn:extension:credBlob: true, webauthn:extension:largeBlob: true, webauthn:extension:minPinLength: true, webauthn:extension:prf: true, webauthn:virtualAuthenticators: true}\nSession ID: 6eab4b60430ca31664ebef667f3cbeab\r\n\tat org.openqa.selenium.remote.codec.w3c.W3CHttpResponseCodec.decode(W3CHttpResponseCodec.java:136)\r\n\tat org.openqa.selenium.remote.codec.w3c.W3CHttpResponseCodec.decode(W3CHttpResponseCodec.java:50)\r\n\tat org.openqa.selenium.remote.HttpCommandExecutor.execute(HttpCommandExecutor.java:190)\r\n\tat org.openqa.selenium.remote.service.DriverCommandExecutor.invokeExecute(DriverCommandExecutor.java:216)\r\n\tat org.openqa.selenium.remote.service.DriverCommandExecutor.execute(DriverCommandExecutor.java:174)\r\n\tat org.openqa.selenium.remote.RemoteWebDriver.execute(RemoteWebDriver.java:527)\r\n\tat org.openqa.selenium.remote.RemoteWebDriver.get(RemoteWebDriver.java:302)\r\n\tat com.revature.steps.shared.SharedSteps.the_User_is_on_the(SharedSteps.java:27)\r\n\tat ✽.the User is on the \"http://localhost:8080/planetarium\"(classpath:features/AddPlanet.feature:6)\r\n",
              "duration": 4634662800,
              "status": "failed"
            },
            "line": 6,
            "name": "the User is on the \"http://localhost:8080/planetarium\"",
            "match": {
              "arguments": [
                {
                  "val": "\"http://localhost:8080/planetarium\"",
                  "offset": 19
                }
              ],
              "location": "com.revature.steps.shared.SharedSteps.the_User_is_on_the(java.lang.String)"
            },
            "keyword": "Given "
          },
          {
            "result": {
              "duration": 1997200,
              "status": "skipped"
            },
            "line": 7,
            "name": "the User enter  \"A_Very_Long_Planet_Name_Exceeding_30\"",
            "match": {
              "arguments": [
                {
                  "val": "\"A_Very_Long_Planet_Name_Exceeding_30\"",
                  "offset": 16
                }
              ],
              "location": "com.revature.steps.AddPlanet.AddPlanet.the_User_enter(java.lang.String)"
            },
            "keyword": "When "
          },
          {
            "result": {
              "status": "skipped"
            },
            "line": 8,
            "name": "clicks on Submit button",
            "match": {
              "location": "com.revature.steps.AddPlanet.AddPlanet.clicks_on_Submit_button()"
            },
            "keyword": "And "
          },
          {
            "result": {
              "duration": 15091600,
              "status": "skipped"
            },
            "line": 9,
            "name": "the User should see alert \"\"Error: Planet name cannot exceed characters limit.\"\"",
            "match": {},
            "keyword": "Then "
          },
          {
            "result": {
              "duration": 1000200,
              "status": "skipped"
            },
            "line": 10,
            "name": "the User should Redirect \"http://localhost:8080/planetarium\"",
            "match": {},
            "keyword": "And "
          }
        ]
      },
      {
        "start_timestamp": "2024-11-18T20:26:12.691Z",
        "line": 16,
        "name": "Automated Add Planet Test Case",
        "description": "    Validate the planet added in the Planetarium have not more than 30 characters and should have unique name.Validating that Users are able to add Planets they discover to the Planetarium as long as the name of the Planet they add is not longer than 30 characters long.",
        "id": "addplanet;automated-add-planet-test-case;;4",
        "type": "scenario",
        "keyword": "Scenario Outline",
        "steps": [
          {
            "result": {
              "error_message": "org.openqa.selenium.UnhandledAlertException: unexpected alert open: {Alert text : login attempt failed: please try again}\n  (Session info: chrome\u003d131.0.6778.69): login attempt failed: please try again\nBuild info: version: \u00274.23.0\u0027, revision: \u00274df0a231af\u0027\nSystem info: os.name: \u0027Windows 11\u0027, os.arch: \u0027amd64\u0027, os.version: \u002710.0\u0027, java.version: \u002717.0.12\u0027\nDriver info: org.openqa.selenium.chrome.ChromeDriver\nCommand: [6eab4b60430ca31664ebef667f3cbeab, get {url\u003dhttp://localhost:8080/planetarium}]\nCapabilities {acceptInsecureCerts: false, browserName: chrome, browserVersion: 131.0.6778.69, chrome: {chromedriverVersion: 131.0.6778.69 (77e2244bbcda..., userDataDir: C:\\Users\\KENAN_~1\\AppData\\L...}, fedcm:accounts: true, goog:chromeOptions: {debuggerAddress: localhost:62566}, networkConnectionEnabled: false, pageLoadStrategy: normal, platformName: windows, proxy: Proxy(), se:cdp: ws://localhost:62566/devtoo..., se:cdpVersion: 131.0.6778.69, setWindowRect: true, strictFileInteractability: false, timeouts: {implicit: 0, pageLoad: 300000, script: 30000}, unhandledPromptBehavior: dismiss and notify, webauthn:extension:credBlob: true, webauthn:extension:largeBlob: true, webauthn:extension:minPinLength: true, webauthn:extension:prf: true, webauthn:virtualAuthenticators: true}\nSession ID: 6eab4b60430ca31664ebef667f3cbeab\r\n\tat org.openqa.selenium.remote.codec.w3c.W3CHttpResponseCodec.decode(W3CHttpResponseCodec.java:136)\r\n\tat org.openqa.selenium.remote.codec.w3c.W3CHttpResponseCodec.decode(W3CHttpResponseCodec.java:50)\r\n\tat org.openqa.selenium.remote.HttpCommandExecutor.execute(HttpCommandExecutor.java:190)\r\n\tat org.openqa.selenium.remote.service.DriverCommandExecutor.invokeExecute(DriverCommandExecutor.java:216)\r\n\tat org.openqa.selenium.remote.service.DriverCommandExecutor.execute(DriverCommandExecutor.java:174)\r\n\tat org.openqa.selenium.remote.RemoteWebDriver.execute(RemoteWebDriver.java:527)\r\n\tat org.openqa.selenium.remote.RemoteWebDriver.get(RemoteWebDriver.java:302)\r\n\tat com.revature.steps.shared.SharedSteps.the_User_is_on_the(SharedSteps.java:27)\r\n\tat ✽.the User is on the \"http://localhost:8080/planetarium\"(classpath:features/AddPlanet.feature:6)\r\n",
              "duration": 3284685900,
              "status": "failed"
            },
            "line": 6,
            "name": "the User is on the \"http://localhost:8080/planetarium\"",
            "match": {
              "arguments": [
                {
                  "val": "\"http://localhost:8080/planetarium\"",
                  "offset": 19
                }
              ],
              "location": "com.revature.steps.shared.SharedSteps.the_User_is_on_the(java.lang.String)"
            },
            "keyword": "Given "
          },
          {
            "result": {
              "status": "skipped"
            },
            "line": 7,
            "name": "the User enter  \"Earth\"",
            "match": {
              "arguments": [
                {
                  "val": "\"Earth\"",
                  "offset": 16
                }
              ],
              "location": "com.revature.steps.AddPlanet.AddPlanet.the_User_enter(java.lang.String)"
            },
            "keyword": "When "
          },
          {
            "result": {
              "status": "skipped"
            },
            "line": 8,
            "name": "clicks on Submit button",
            "match": {
              "location": "com.revature.steps.AddPlanet.AddPlanet.clicks_on_Submit_button()"
            },
            "keyword": "And "
          },
          {
            "result": {
              "status": "skipped"
            },
            "line": 9,
            "name": "the User should see alert \"\"Error: Planet name must be unique.\"\"",
            "match": {},
            "keyword": "Then "
          },
          {
            "result": {
              "duration": 2031800,
              "status": "skipped"
            },
            "line": 10,
            "name": "the User should Redirect \"http://localhost:8080/planetarium\"",
            "match": {},
            "keyword": "And "
          }
        ]
      },
      {
        "start_timestamp": "2024-11-18T20:26:16.080Z",
        "line": 17,
        "name": "Automated Add Planet Test Case",
        "description": "    Validate the planet added in the Planetarium have not more than 30 characters and should have unique name.Validating that Users are able to add Planets they discover to the Planetarium as long as the name of the Planet they add is not longer than 30 characters long.",
        "id": "addplanet;automated-add-planet-test-case;;5",
        "type": "scenario",
        "keyword": "Scenario Outline",
        "steps": [
          {
            "result": {
              "error_message": "org.openqa.selenium.UnhandledAlertException: unexpected alert open: {Alert text : login attempt failed: please try again}\n  (Session info: chrome\u003d131.0.6778.69): login attempt failed: please try again\nBuild info: version: \u00274.23.0\u0027, revision: \u00274df0a231af\u0027\nSystem info: os.name: \u0027Windows 11\u0027, os.arch: \u0027amd64\u0027, os.version: \u002710.0\u0027, java.version: \u002717.0.12\u0027\nDriver info: org.openqa.selenium.chrome.ChromeDriver\nCommand: [6eab4b60430ca31664ebef667f3cbeab, get {url\u003dhttp://localhost:8080/planetarium}]\nCapabilities {acceptInsecureCerts: false, browserName: chrome, browserVersion: 131.0.6778.69, chrome: {chromedriverVersion: 131.0.6778.69 (77e2244bbcda..., userDataDir: C:\\Users\\KENAN_~1\\AppData\\L...}, fedcm:accounts: true, goog:chromeOptions: {debuggerAddress: localhost:62566}, networkConnectionEnabled: false, pageLoadStrategy: normal, platformName: windows, proxy: Proxy(), se:cdp: ws://localhost:62566/devtoo..., se:cdpVersion: 131.0.6778.69, setWindowRect: true, strictFileInteractability: false, timeouts: {implicit: 0, pageLoad: 300000, script: 30000}, unhandledPromptBehavior: dismiss and notify, webauthn:extension:credBlob: true, webauthn:extension:largeBlob: true, webauthn:extension:minPinLength: true, webauthn:extension:prf: true, webauthn:virtualAuthenticators: true}\nSession ID: 6eab4b60430ca31664ebef667f3cbeab\r\n\tat org.openqa.selenium.remote.codec.w3c.W3CHttpResponseCodec.decode(W3CHttpResponseCodec.java:136)\r\n\tat org.openqa.selenium.remote.codec.w3c.W3CHttpResponseCodec.decode(W3CHttpResponseCodec.java:50)\r\n\tat org.openqa.selenium.remote.HttpCommandExecutor.execute(HttpCommandExecutor.java:190)\r\n\tat org.openqa.selenium.remote.service.DriverCommandExecutor.invokeExecute(DriverCommandExecutor.java:216)\r\n\tat org.openqa.selenium.remote.service.DriverCommandExecutor.execute(DriverCommandExecutor.java:174)\r\n\tat org.openqa.selenium.remote.RemoteWebDriver.execute(RemoteWebDriver.java:527)\r\n\tat org.openqa.selenium.remote.RemoteWebDriver.get(RemoteWebDriver.java:302)\r\n\tat com.revature.steps.shared.SharedSteps.the_User_is_on_the(SharedSteps.java:27)\r\n\tat ✽.the User is on the \"http://localhost:8080/planetarium\"(classpath:features/AddPlanet.feature:6)\r\n",
              "duration": 2840213200,
              "status": "failed"
            },
            "line": 6,
            "name": "the User is on the \"http://localhost:8080/planetarium\"",
            "match": {
              "arguments": [
                {
                  "val": "\"http://localhost:8080/planetarium\"",
                  "offset": 19
                }
              ],
              "location": "com.revature.steps.shared.SharedSteps.the_User_is_on_the(java.lang.String)"
            },
            "keyword": "Given "
          },
          {
            "result": {
              "duration": 999100,
              "status": "skipped"
            },
            "line": 7,
            "name": "the User enter  \"Saturn\"",
            "match": {
              "arguments": [
                {
                  "val": "\"Saturn\"",
                  "offset": 16
                }
              ],
              "location": "com.revature.steps.AddPlanet.AddPlanet.the_User_enter(java.lang.String)"
            },
            "keyword": "When "
          },
          {
            "result": {
              "duration": 1647200,
              "status": "skipped"
            },
            "line": 8,
            "name": "clicks on Submit button",
            "match": {
              "location": "com.revature.steps.AddPlanet.AddPlanet.clicks_on_Submit_button()"
            },
            "keyword": "And "
          },
          {
            "result": {
              "duration": 1006600,
              "status": "skipped"
            },
            "line": 9,
            "name": "the User should see alert \"\"Planet added successfully.\"\"",
            "match": {},
            "keyword": "Then "
          },
          {
            "result": {
              "status": "skipped"
            },
            "line": 10,
            "name": "the User should Redirect \"http://localhost:8080/planetarium\"",
            "match": {},
            "keyword": "And "
          }
        ]
      }
    ],
    "name": "AddPlanet",
    "description": "",
    "id": "addplanet",
    "keyword": "Feature",
    "uri": "classpath:features/AddPlanet.feature",
    "tags": []
  },
  {
    "line": 1,
    "elements": [
      {
        "start_timestamp": "2024-11-18T20:26:19.125Z",
        "line": 13,
        "name": "Automated Delete Moon Test Case",
        "description": "",
        "id": "deletemoons;automated-delete-moon-test-case;;2",
        "type": "scenario",
        "keyword": "Scenario Outline",
        "steps": [
          {
            "result": {
              "error_message": "org.openqa.selenium.UnhandledAlertException: unexpected alert open: {Alert text : login attempt failed: please try again}\n  (Session info: chrome\u003d131.0.6778.69): login attempt failed: please try again\nBuild info: version: \u00274.23.0\u0027, revision: \u00274df0a231af\u0027\nSystem info: os.name: \u0027Windows 11\u0027, os.arch: \u0027amd64\u0027, os.version: \u002710.0\u0027, java.version: \u002717.0.12\u0027\nDriver info: org.openqa.selenium.chrome.ChromeDriver\nCommand: [6eab4b60430ca31664ebef667f3cbeab, get {url\u003dhttp://localhost:8080/}]\nCapabilities {acceptInsecureCerts: false, browserName: chrome, browserVersion: 131.0.6778.69, chrome: {chromedriverVersion: 131.0.6778.69 (77e2244bbcda..., userDataDir: C:\\Users\\KENAN_~1\\AppData\\L...}, fedcm:accounts: true, goog:chromeOptions: {debuggerAddress: localhost:62566}, networkConnectionEnabled: false, pageLoadStrategy: normal, platformName: windows, proxy: Proxy(), se:cdp: ws://localhost:62566/devtoo..., se:cdpVersion: 131.0.6778.69, setWindowRect: true, strictFileInteractability: false, timeouts: {implicit: 0, pageLoad: 300000, script: 30000}, unhandledPromptBehavior: dismiss and notify, webauthn:extension:credBlob: true, webauthn:extension:largeBlob: true, webauthn:extension:minPinLength: true, webauthn:extension:prf: true, webauthn:virtualAuthenticators: true}\nSession ID: 6eab4b60430ca31664ebef667f3cbeab\r\n\tat org.openqa.selenium.remote.codec.w3c.W3CHttpResponseCodec.decode(W3CHttpResponseCodec.java:136)\r\n\tat org.openqa.selenium.remote.codec.w3c.W3CHttpResponseCodec.decode(W3CHttpResponseCodec.java:50)\r\n\tat org.openqa.selenium.remote.HttpCommandExecutor.execute(HttpCommandExecutor.java:190)\r\n\tat org.openqa.selenium.remote.service.DriverCommandExecutor.invokeExecute(DriverCommandExecutor.java:216)\r\n\tat org.openqa.selenium.remote.service.DriverCommandExecutor.execute(DriverCommandExecutor.java:174)\r\n\tat org.openqa.selenium.remote.RemoteWebDriver.execute(RemoteWebDriver.java:527)\r\n\tat org.openqa.selenium.remote.RemoteWebDriver.get(RemoteWebDriver.java:302)\r\n\tat com.revature.poms.LoginPage.login(LoginPage.java:59)\r\n\tat com.revature.steps.moons.ViewMoonsSteps.theUserIsLoggedInAndOnTheAsAnd(ViewMoonsSteps.java:18)\r\n\tat ✽.the User is logged in and on the \"http://localhost:8080/planetarium\" as \"Batman\" and \"I am the night\"(classpath:features/DeleteMoons.feature:4)\r\n",
              "duration": 161054900,
              "status": "failed"
            },
            "line": 4,
            "name": "the User is logged in and on the \"http://localhost:8080/planetarium\" as \"Batman\" and \"I am the night\"",
            "match": {
              "arguments": [
                {
                  "val": "\"http://localhost:8080/planetarium\"",
                  "offset": 33
                },
                {
                  "val": "\"Batman\"",
                  "offset": 72
                },
                {
                  "val": "\"I am the night\"",
                  "offset": 85
                }
              ],
              "location": "com.revature.steps.moons.ViewMoonsSteps.theUserIsLoggedInAndOnTheAsAnd(java.lang.String,java.lang.String,java.lang.String)"
            },
            "keyword": "Given "
          },
          {
            "result": {
              "duration": 1998000,
              "status": "skipped"
            },
            "line": 5,
            "name": "the User selects Moon from the Dropdown",
            "match": {
              "location": "com.revature.steps.moons.DeleteMoonsSteps.the_User_selects_from_the_Dropdown()"
            },
            "keyword": "When "
          },
          {
            "result": {
              "status": "skipped"
            },
            "line": 6,
            "name": "inputs \"TesterMoon\"",
            "match": {
              "arguments": [
                {
                  "val": "\"TesterMoon\"",
                  "offset": 7
                }
              ],
              "location": "com.revature.steps.moons.DeleteMoonsSteps.inputs(java.lang.String)"
            },
            "keyword": "And "
          },
          {
            "result": {
              "status": "skipped"
            },
            "line": 7,
            "name": "clicks Delete Button",
            "match": {
              "location": "com.revature.steps.moons.DeleteMoonsSteps.clicks_Delete_Button()"
            },
            "keyword": "And "
          },
          {
            "result": {
              "duration": 3071200,
              "status": "skipped"
            },
            "line": 8,
            "name": "the User should see \"Alert\" and \"Failed to delete moon with name TesterMoon\"",
            "match": {
              "arguments": [
                {
                  "val": "\"Alert\"",
                  "offset": 20
                },
                {
                  "val": "\"Failed to delete moon with name TesterMoon\"",
                  "offset": 32
                }
              ],
              "location": "com.revature.steps.moons.DeleteMoonsSteps.theUserShouldSeeAnd(java.lang.String,java.lang.String)"
            },
            "keyword": "Then "
          },
          {
            "result": {
              "duration": 6560400,
              "status": "skipped"
            },
            "line": 9,
            "name": "should \"User stays on Home Page\"",
            "match": {
              "arguments": [
                {
                  "val": "\"User stays on Home Page\"",
                  "offset": 7
                }
              ],
              "location": "com.revature.steps.moons.DeleteMoonsSteps.should(java.lang.String)"
            },
            "keyword": "And "
          }
        ]
      },
      {
        "start_timestamp": "2024-11-18T20:26:19.487Z",
        "line": 14,
        "name": "Automated Delete Moon Test Case",
        "description": "",
        "id": "deletemoons;automated-delete-moon-test-case;;3",
        "type": "scenario",
        "keyword": "Scenario Outline",
        "steps": [
          {
            "result": {
              "duration": 3074517500,
              "status": "passed"
            },
            "line": 4,
            "name": "the User is logged in and on the \"http://localhost:8080/planetarium\" as \"Batman\" and \"I am the night\"",
            "match": {
              "arguments": [
                {
                  "val": "\"http://localhost:8080/planetarium\"",
                  "offset": 33
                },
                {
                  "val": "\"Batman\"",
                  "offset": 72
                },
                {
                  "val": "\"I am the night\"",
                  "offset": 85
                }
              ],
              "location": "com.revature.steps.moons.ViewMoonsSteps.theUserIsLoggedInAndOnTheAsAnd(java.lang.String,java.lang.String,java.lang.String)"
            },
            "keyword": "Given "
          },
          {
            "result": {
              "duration": 1877802400,
              "status": "passed"
            },
            "line": 5,
            "name": "the User selects Moon from the Dropdown",
            "match": {
              "location": "com.revature.steps.moons.DeleteMoonsSteps.the_User_selects_from_the_Dropdown()"
            },
            "keyword": "When "
          },
          {
            "result": {
              "duration": 619687400,
              "status": "passed"
            },
            "line": 6,
            "name": "inputs \"Luna\"",
            "match": {
              "arguments": [
                {
                  "val": "\"Luna\"",
                  "offset": 7
                }
              ],
              "location": "com.revature.steps.moons.DeleteMoonsSteps.inputs(java.lang.String)"
            },
            "keyword": "And "
          },
          {
            "result": {
              "duration": 1348692700,
              "status": "passed"
            },
            "line": 7,
            "name": "clicks Delete Button",
            "match": {
              "location": "com.revature.steps.moons.DeleteMoonsSteps.clicks_Delete_Button()"
            },
            "keyword": "And "
          },
          {
            "result": {
              "duration": 196115600,
              "status": "passed"
            },
            "line": 8,
            "name": "the User should see \"Moon Deleted\" and \"M/A\"",
            "match": {
              "arguments": [
                {
                  "val": "\"Moon Deleted\"",
                  "offset": 20
                },
                {
                  "val": "\"M/A\"",
                  "offset": 39
                }
              ],
              "location": "com.revature.steps.moons.DeleteMoonsSteps.theUserShouldSeeAnd(java.lang.String,java.lang.String)"
            },
            "keyword": "Then "
          },
          {
            "result": {
              "duration": 130580800,
              "status": "passed"
            },
            "line": 9,
            "name": "should \"User stays on Home Page\"",
            "match": {
              "arguments": [
                {
                  "val": "\"User stays on Home Page\"",
                  "offset": 7
                }
              ],
              "location": "com.revature.steps.moons.DeleteMoonsSteps.should(java.lang.String)"
            },
            "keyword": "And "
          }
        ]
      },
      {
        "start_timestamp": "2024-11-18T20:26:26.854Z",
        "line": 18,
        "name": "Automated Delete Moon Test Case",
        "description": "",
        "id": "deletemoons;automated-delete-moon-test-case;;2",
        "type": "scenario",
        "keyword": "Scenario Outline",
        "steps": [
          {
            "result": {
              "duration": 2765006500,
              "status": "passed"
            },
            "line": 4,
            "name": "the User is logged in and on the \"http://localhost:8080/planetarium\" as \"Robin\" and \"GordonIsMyHeroForeverGoodMan11\"",
            "match": {
              "arguments": [
                {
                  "val": "\"http://localhost:8080/planetarium\"",
                  "offset": 33
                },
                {
                  "val": "\"Robin\"",
                  "offset": 72
                },
                {
                  "val": "\"GordonIsMyHeroForeverGoodMan11\"",
                  "offset": 84
                }
              ],
              "location": "com.revature.steps.moons.ViewMoonsSteps.theUserIsLoggedInAndOnTheAsAnd(java.lang.String,java.lang.String,java.lang.String)"
            },
            "keyword": "Given "
          },
          {
            "result": {
              "error_message": "org.openqa.selenium.WebDriverException: unknown error: unhandled inspector error: {\"code\":-32000,\"message\":\"Not attached to an active page\"}\n  (Session info: chrome\u003d131.0.6778.69)\nBuild info: version: \u00274.23.0\u0027, revision: \u00274df0a231af\u0027\nSystem info: os.name: \u0027Windows 11\u0027, os.arch: \u0027amd64\u0027, os.version: \u002710.0\u0027, java.version: \u002717.0.12\u0027\nDriver info: org.openqa.selenium.chrome.ChromeDriver\nCommand: [6eab4b60430ca31664ebef667f3cbeab, findElement {value\u003dlocationSelect, using\u003did}]\nCapabilities {acceptInsecureCerts: false, browserName: chrome, browserVersion: 131.0.6778.69, chrome: {chromedriverVersion: 131.0.6778.69 (77e2244bbcda..., userDataDir: C:\\Users\\KENAN_~1\\AppData\\L...}, fedcm:accounts: true, goog:chromeOptions: {debuggerAddress: localhost:62566}, networkConnectionEnabled: false, pageLoadStrategy: normal, platformName: windows, proxy: Proxy(), se:cdp: ws://localhost:62566/devtoo..., se:cdpVersion: 131.0.6778.69, setWindowRect: true, strictFileInteractability: false, timeouts: {implicit: 0, pageLoad: 300000, script: 30000}, unhandledPromptBehavior: dismiss and notify, webauthn:extension:credBlob: true, webauthn:extension:largeBlob: true, webauthn:extension:minPinLength: true, webauthn:extension:prf: true, webauthn:virtualAuthenticators: true}\nSession ID: 6eab4b60430ca31664ebef667f3cbeab\r\n\tat java.base/jdk.internal.reflect.NativeConstructorAccessorImpl.newInstance0(Native Method)\r\n\tat java.base/jdk.internal.reflect.NativeConstructorAccessorImpl.newInstance(NativeConstructorAccessorImpl.java:77)\r\n\tat java.base/jdk.internal.reflect.DelegatingConstructorAccessorImpl.newInstance(DelegatingConstructorAccessorImpl.java:45)\r\n\tat java.base/java.lang.reflect.Constructor.newInstanceWithCaller(Constructor.java:500)\r\n\tat java.base/java.lang.reflect.Constructor.newInstance(Constructor.java:481)\r\n\tat org.openqa.selenium.remote.ErrorCodec.decode(ErrorCodec.java:167)\r\n\tat org.openqa.selenium.remote.codec.w3c.W3CHttpResponseCodec.decode(W3CHttpResponseCodec.java:138)\r\n\tat org.openqa.selenium.remote.codec.w3c.W3CHttpResponseCodec.decode(W3CHttpResponseCodec.java:50)\r\n\tat org.openqa.selenium.remote.HttpCommandExecutor.execute(HttpCommandExecutor.java:190)\r\n\tat org.openqa.selenium.remote.service.DriverCommandExecutor.invokeExecute(DriverCommandExecutor.java:216)\r\n\tat org.openqa.selenium.remote.service.DriverCommandExecutor.execute(DriverCommandExecutor.java:174)\r\n\tat org.openqa.selenium.remote.RemoteWebDriver.execute(RemoteWebDriver.java:527)\r\n\tat org.openqa.selenium.remote.ElementLocation$ElementFinder$2.findElement(ElementLocation.java:165)\r\n\tat org.openqa.selenium.remote.ElementLocation.findElement(ElementLocation.java:59)\r\n\tat org.openqa.selenium.remote.RemoteWebDriver.findElement(RemoteWebDriver.java:357)\r\n\tat org.openqa.selenium.remote.RemoteWebDriver.findElement(RemoteWebDriver.java:351)\r\n\tat org.openqa.selenium.support.pagefactory.DefaultElementLocator.findElement(DefaultElementLocator.java:68)\r\n\tat org.openqa.selenium.support.pagefactory.internal.LocatingElementHandler.invoke(LocatingElementHandler.java:38)\r\n\tat jdk.proxy2/jdk.proxy2.$Proxy15.getTagName(Unknown Source)\r\n\tat org.openqa.selenium.support.ui.Select.\u003cinit\u003e(Select.java:43)\r\n\tat com.revature.poms.HomePage.selectMoon(HomePage.java:96)\r\n\tat com.revature.steps.moons.DeleteMoonsSteps.the_User_selects_from_the_Dropdown(DeleteMoonsSteps.java:19)\r\n\tat ✽.the User selects Moon from the Dropdown(classpath:features/DeleteMoons.feature:5)\r\n",
              "duration": 41959100,
              "status": "failed"
            },
            "line": 5,
            "name": "the User selects Moon from the Dropdown",
            "match": {
              "location": "com.revature.steps.moons.DeleteMoonsSteps.the_User_selects_from_the_Dropdown()"
            },
            "keyword": "When "
          },
          {
            "result": {
              "status": "skipped"
            },
            "line": 6,
            "name": "inputs \"Titan\"",
            "match": {
              "arguments": [
                {
                  "val": "\"Titan\"",
                  "offset": 7
                }
              ],
              "location": "com.revature.steps.moons.DeleteMoonsSteps.inputs(java.lang.String)"
            },
            "keyword": "And "
          },
          {
            "result": {
              "status": "skipped"
            },
            "line": 7,
            "name": "clicks Delete Button",
            "match": {
              "location": "com.revature.steps.moons.DeleteMoonsSteps.clicks_Delete_Button()"
            },
            "keyword": "And "
          },
          {
            "result": {
              "status": "skipped"
            },
            "line": 8,
            "name": "the User should see \"Alert\" and \"Failed to delete moon with name TesterMoon\"",
            "match": {
              "arguments": [
                {
                  "val": "\"Alert\"",
                  "offset": 20
                },
                {
                  "val": "\"Failed to delete moon with name TesterMoon\"",
                  "offset": 32
                }
              ],
              "location": "com.revature.steps.moons.DeleteMoonsSteps.theUserShouldSeeAnd(java.lang.String,java.lang.String)"
            },
            "keyword": "Then "
          },
          {
            "result": {
              "duration": 1026800,
              "status": "skipped"
            },
            "line": 9,
            "name": "should \"User stays on Home Page\"",
            "match": {
              "arguments": [
                {
                  "val": "\"User stays on Home Page\"",
                  "offset": 7
                }
              ],
              "location": "com.revature.steps.moons.DeleteMoonsSteps.should(java.lang.String)"
            },
            "keyword": "And "
          }
        ]
      },
      {
        "start_timestamp": "2024-11-18T20:26:29.738Z",
        "line": 19,
        "name": "Automated Delete Moon Test Case",
        "description": "",
        "id": "deletemoons;automated-delete-moon-test-case;;3",
        "type": "scenario",
        "keyword": "Scenario Outline",
        "steps": [
          {
            "result": {
              "error_message": "org.openqa.selenium.WebDriverException: unknown error: unhandled inspector error: {\"code\":-32000,\"message\":\"Not attached to an active page\"}\n  (Session info: chrome\u003d131.0.6778.69)\nBuild info: version: \u00274.23.0\u0027, revision: \u00274df0a231af\u0027\nSystem info: os.name: \u0027Windows 11\u0027, os.arch: \u0027amd64\u0027, os.version: \u002710.0\u0027, java.version: \u002717.0.12\u0027\nDriver info: org.openqa.selenium.chrome.ChromeDriver\nCommand: [6eab4b60430ca31664ebef667f3cbeab, get {url\u003dhttp://localhost:8080/}]\nCapabilities {acceptInsecureCerts: false, browserName: chrome, browserVersion: 131.0.6778.69, chrome: {chromedriverVersion: 131.0.6778.69 (77e2244bbcda..., userDataDir: C:\\Users\\KENAN_~1\\AppData\\L...}, fedcm:accounts: true, goog:chromeOptions: {debuggerAddress: localhost:62566}, networkConnectionEnabled: false, pageLoadStrategy: normal, platformName: windows, proxy: Proxy(), se:cdp: ws://localhost:62566/devtoo..., se:cdpVersion: 131.0.6778.69, setWindowRect: true, strictFileInteractability: false, timeouts: {implicit: 0, pageLoad: 300000, script: 30000}, unhandledPromptBehavior: dismiss and notify, webauthn:extension:credBlob: true, webauthn:extension:largeBlob: true, webauthn:extension:minPinLength: true, webauthn:extension:prf: true, webauthn:virtualAuthenticators: true}\nSession ID: 6eab4b60430ca31664ebef667f3cbeab\r\n\tat java.base/jdk.internal.reflect.NativeConstructorAccessorImpl.newInstance0(Native Method)\r\n\tat java.base/jdk.internal.reflect.NativeConstructorAccessorImpl.newInstance(NativeConstructorAccessorImpl.java:77)\r\n\tat java.base/jdk.internal.reflect.DelegatingConstructorAccessorImpl.newInstance(DelegatingConstructorAccessorImpl.java:45)\r\n\tat java.base/java.lang.reflect.Constructor.newInstanceWithCaller(Constructor.java:500)\r\n\tat java.base/java.lang.reflect.Constructor.newInstance(Constructor.java:481)\r\n\tat org.openqa.selenium.remote.ErrorCodec.decode(ErrorCodec.java:167)\r\n\tat org.openqa.selenium.remote.codec.w3c.W3CHttpResponseCodec.decode(W3CHttpResponseCodec.java:138)\r\n\tat org.openqa.selenium.remote.codec.w3c.W3CHttpResponseCodec.decode(W3CHttpResponseCodec.java:50)\r\n\tat org.openqa.selenium.remote.HttpCommandExecutor.execute(HttpCommandExecutor.java:190)\r\n\tat org.openqa.selenium.remote.service.DriverCommandExecutor.invokeExecute(DriverCommandExecutor.java:216)\r\n\tat org.openqa.selenium.remote.service.DriverCommandExecutor.execute(DriverCommandExecutor.java:174)\r\n\tat org.openqa.selenium.remote.RemoteWebDriver.execute(RemoteWebDriver.java:527)\r\n\tat org.openqa.selenium.remote.RemoteWebDriver.get(RemoteWebDriver.java:302)\r\n\tat com.revature.poms.LoginPage.login(LoginPage.java:59)\r\n\tat com.revature.steps.moons.ViewMoonsSteps.theUserIsLoggedInAndOnTheAsAnd(ViewMoonsSteps.java:18)\r\n\tat ✽.the User is logged in and on the \"http://localhost:8080/planetarium\" as \"Batman\" and \"I am the night\"(classpath:features/DeleteMoons.feature:4)\r\n",
              "duration": 43126500,
              "status": "failed"
            },
            "line": 4,
            "name": "the User is logged in and on the \"http://localhost:8080/planetarium\" as \"Batman\" and \"I am the night\"",
            "match": {
              "arguments": [
                {
                  "val": "\"http://localhost:8080/planetarium\"",
                  "offset": 33
                },
                {
                  "val": "\"Batman\"",
                  "offset": 72
                },
                {
                  "val": "\"I am the night\"",
                  "offset": 85
                }
              ],
              "location": "com.revature.steps.moons.ViewMoonsSteps.theUserIsLoggedInAndOnTheAsAnd(java.lang.String,java.lang.String,java.lang.String)"
            },
            "keyword": "Given "
          },
          {
            "result": {
              "duration": 1996900,
              "status": "skipped"
            },
            "line": 5,
            "name": "the User selects Moon from the Dropdown",
            "match": {
              "location": "com.revature.steps.moons.DeleteMoonsSteps.the_User_selects_from_the_Dropdown()"
            },
            "keyword": "When "
          },
          {
            "result": {
              "duration": 5559100,
              "status": "skipped"
            },
            "line": 6,
            "name": "inputs \"Titan\"",
            "match": {
              "arguments": [
                {
                  "val": "\"Titan\"",
                  "offset": 7
                }
              ],
              "location": "com.revature.steps.moons.DeleteMoonsSteps.inputs(java.lang.String)"
            },
            "keyword": "And "
          },
          {
            "result": {
              "status": "skipped"
            },
            "line": 7,
            "name": "clicks Delete Button",
            "match": {
              "location": "com.revature.steps.moons.DeleteMoonsSteps.clicks_Delete_Button()"
            },
            "keyword": "And "
          },
          {
            "result": {
              "duration": 1001600,
              "status": "skipped"
            },
            "line": 8,
            "name": "the User should see \"Moon Deleted\" and \"M/A\"",
            "match": {
              "arguments": [
                {
                  "val": "\"Moon Deleted\"",
                  "offset": 20
                },
                {
                  "val": "\"M/A\"",
                  "offset": 39
                }
              ],
              "location": "com.revature.steps.moons.DeleteMoonsSteps.theUserShouldSeeAnd(java.lang.String,java.lang.String)"
            },
            "keyword": "Then "
          },
          {
            "result": {
              "duration": 929900,
              "status": "skipped"
            },
            "line": 9,
            "name": "should \"User stays on Home Page\"",
            "match": {
              "arguments": [
                {
                  "val": "\"User stays on Home Page\"",
                  "offset": 7
                }
              ],
              "location": "com.revature.steps.moons.DeleteMoonsSteps.should(java.lang.String)"
            },
            "keyword": "And "
          }
        ]
      }
    ],
    "name": "DeleteMoons",
    "description": "",
    "id": "deletemoons",
    "keyword": "Feature",
    "uri": "classpath:features/DeleteMoons.feature",
    "tags": []
  },
  {
    "line": 1,
    "elements": [
      {
        "start_timestamp": "2024-11-18T20:26:29.955Z",
        "line": 14,
        "name": "Automated Delete Planet Test Case",
        "description": "    Validating that Planets can be deleted by users if they own the Planet no matter if the Planets have any orbiting Moons or not. User should be able to remove Planet with the orbiting Moon associated with the Planet.",
        "id": "deleteplanet;automated-delete-planet-test-case;;2",
        "type": "scenario",
        "keyword": "Scenario Outline",
        "steps": [
          {
            "result": {
              "error_message": "org.openqa.selenium.WebDriverException: unknown error: unhandled inspector error: {\"code\":-32000,\"message\":\"Not attached to an active page\"}\n  (Session info: chrome\u003d131.0.6778.69)\nBuild info: version: \u00274.23.0\u0027, revision: \u00274df0a231af\u0027\nSystem info: os.name: \u0027Windows 11\u0027, os.arch: \u0027amd64\u0027, os.version: \u002710.0\u0027, java.version: \u002717.0.12\u0027\nDriver info: org.openqa.selenium.chrome.ChromeDriver\nCommand: [6eab4b60430ca31664ebef667f3cbeab, get {url\u003dhttp://localhost:8080/}]\nCapabilities {acceptInsecureCerts: false, browserName: chrome, browserVersion: 131.0.6778.69, chrome: {chromedriverVersion: 131.0.6778.69 (77e2244bbcda..., userDataDir: C:\\Users\\KENAN_~1\\AppData\\L...}, fedcm:accounts: true, goog:chromeOptions: {debuggerAddress: localhost:62566}, networkConnectionEnabled: false, pageLoadStrategy: normal, platformName: windows, proxy: Proxy(), se:cdp: ws://localhost:62566/devtoo..., se:cdpVersion: 131.0.6778.69, setWindowRect: true, strictFileInteractability: false, timeouts: {implicit: 0, pageLoad: 300000, script: 30000}, unhandledPromptBehavior: dismiss and notify, webauthn:extension:credBlob: true, webauthn:extension:largeBlob: true, webauthn:extension:minPinLength: true, webauthn:extension:prf: true, webauthn:virtualAuthenticators: true}\nSession ID: 6eab4b60430ca31664ebef667f3cbeab\r\n\tat java.base/jdk.internal.reflect.NativeConstructorAccessorImpl.newInstance0(Native Method)\r\n\tat java.base/jdk.internal.reflect.NativeConstructorAccessorImpl.newInstance(NativeConstructorAccessorImpl.java:77)\r\n\tat java.base/jdk.internal.reflect.DelegatingConstructorAccessorImpl.newInstance(DelegatingConstructorAccessorImpl.java:45)\r\n\tat java.base/java.lang.reflect.Constructor.newInstanceWithCaller(Constructor.java:500)\r\n\tat java.base/java.lang.reflect.Constructor.newInstance(Constructor.java:481)\r\n\tat org.openqa.selenium.remote.ErrorCodec.decode(ErrorCodec.java:167)\r\n\tat org.openqa.selenium.remote.codec.w3c.W3CHttpResponseCodec.decode(W3CHttpResponseCodec.java:138)\r\n\tat org.openqa.selenium.remote.codec.w3c.W3CHttpResponseCodec.decode(W3CHttpResponseCodec.java:50)\r\n\tat org.openqa.selenium.remote.HttpCommandExecutor.execute(HttpCommandExecutor.java:190)\r\n\tat org.openqa.selenium.remote.service.DriverCommandExecutor.invokeExecute(DriverCommandExecutor.java:216)\r\n\tat org.openqa.selenium.remote.service.DriverCommandExecutor.execute(DriverCommandExecutor.java:174)\r\n\tat org.openqa.selenium.remote.RemoteWebDriver.execute(RemoteWebDriver.java:527)\r\n\tat org.openqa.selenium.remote.RemoteWebDriver.get(RemoteWebDriver.java:302)\r\n\tat com.revature.poms.LoginPage.login(LoginPage.java:59)\r\n\tat com.revature.steps.shared.SharedSteps.the_User_is_on_the(SharedSteps.java:26)\r\n\tat ✽.the User is on the \"http://localhost:8080/planetarium\"(classpath:features/DeletePlanet.feature:6)\r\n",
              "duration": 35926500,
              "status": "failed"
            },
            "line": 6,
            "name": "the User is on the \"http://localhost:8080/planetarium\"",
            "match": {
              "arguments": [
                {
                  "val": "\"http://localhost:8080/planetarium\"",
                  "offset": 19
                }
              ],
              "location": "com.revature.steps.shared.SharedSteps.the_User_is_on_the(java.lang.String)"
            },
            "keyword": "Given "
          },
          {
            "result": {
              "status": "skipped"
            },
            "line": 7,
            "name": "the User enter unique \"Mars\"",
            "match": {},
            "keyword": "When "
          },
          {
            "result": {
              "duration": 992400,
              "status": "skipped"
            },
            "line": 8,
            "name": "clicks Delete Button",
            "match": {
              "location": "com.revature.steps.moons.DeleteMoonsSteps.clicks_Delete_Button()"
            },
            "keyword": "And "
          },
          {
            "result": {
              "duration": 997000,
              "status": "skipped"
            },
            "line": 9,
            "name": "the User should see delete planet alert \"\"Planet deleted successfully.\"\"",
            "match": {},
            "keyword": "Then "
          },
          {
            "result": {
              "status": "skipped"
            },
            "line": 10,
            "name": "the User should stay in homepage \"http://localhost:8080/planetarium\"",
            "match": {},
            "keyword": "And "
          }
        ]
      },
      {
        "start_timestamp": "2024-11-18T20:26:30.321Z",
        "line": 15,
        "name": "Automated Delete Planet Test Case",
        "description": "    Validating that Planets can be deleted by users if they own the Planet no matter if the Planets have any orbiting Moons or not. User should be able to remove Planet with the orbiting Moon associated with the Planet.",
        "id": "deleteplanet;automated-delete-planet-test-case;;3",
        "type": "scenario",
        "keyword": "Scenario Outline",
        "steps": [
          {
            "result": {
              "error_message": "org.openqa.selenium.WebDriverException: unknown error: unhandled inspector error: {\"code\":-32000,\"message\":\"Not attached to an active page\"}\n  (Session info: chrome\u003d131.0.6778.69)\nBuild info: version: \u00274.23.0\u0027, revision: \u00274df0a231af\u0027\nSystem info: os.name: \u0027Windows 11\u0027, os.arch: \u0027amd64\u0027, os.version: \u002710.0\u0027, java.version: \u002717.0.12\u0027\nDriver info: org.openqa.selenium.chrome.ChromeDriver\nCommand: [6eab4b60430ca31664ebef667f3cbeab, get {url\u003dhttp://localhost:8080/}]\nCapabilities {acceptInsecureCerts: false, browserName: chrome, browserVersion: 131.0.6778.69, chrome: {chromedriverVersion: 131.0.6778.69 (77e2244bbcda..., userDataDir: C:\\Users\\KENAN_~1\\AppData\\L...}, fedcm:accounts: true, goog:chromeOptions: {debuggerAddress: localhost:62566}, networkConnectionEnabled: false, pageLoadStrategy: normal, platformName: windows, proxy: Proxy(), se:cdp: ws://localhost:62566/devtoo..., se:cdpVersion: 131.0.6778.69, setWindowRect: true, strictFileInteractability: false, timeouts: {implicit: 0, pageLoad: 300000, script: 30000}, unhandledPromptBehavior: dismiss and notify, webauthn:extension:credBlob: true, webauthn:extension:largeBlob: true, webauthn:extension:minPinLength: true, webauthn:extension:prf: true, webauthn:virtualAuthenticators: true}\nSession ID: 6eab4b60430ca31664ebef667f3cbeab\r\n\tat java.base/jdk.internal.reflect.NativeConstructorAccessorImpl.newInstance0(Native Method)\r\n\tat java.base/jdk.internal.reflect.NativeConstructorAccessorImpl.newInstance(NativeConstructorAccessorImpl.java:77)\r\n\tat java.base/jdk.internal.reflect.DelegatingConstructorAccessorImpl.newInstance(DelegatingConstructorAccessorImpl.java:45)\r\n\tat java.base/java.lang.reflect.Constructor.newInstanceWithCaller(Constructor.java:500)\r\n\tat java.base/java.lang.reflect.Constructor.newInstance(Constructor.java:481)\r\n\tat org.openqa.selenium.remote.ErrorCodec.decode(ErrorCodec.java:167)\r\n\tat org.openqa.selenium.remote.codec.w3c.W3CHttpResponseCodec.decode(W3CHttpResponseCodec.java:138)\r\n\tat org.openqa.selenium.remote.codec.w3c.W3CHttpResponseCodec.decode(W3CHttpResponseCodec.java:50)\r\n\tat org.openqa.selenium.remote.HttpCommandExecutor.execute(HttpCommandExecutor.java:190)\r\n\tat org.openqa.selenium.remote.service.DriverCommandExecutor.invokeExecute(DriverCommandExecutor.java:216)\r\n\tat org.openqa.selenium.remote.service.DriverCommandExecutor.execute(DriverCommandExecutor.java:174)\r\n\tat org.openqa.selenium.remote.RemoteWebDriver.execute(RemoteWebDriver.java:527)\r\n\tat org.openqa.selenium.remote.RemoteWebDriver.get(RemoteWebDriver.java:302)\r\n\tat com.revature.poms.LoginPage.login(LoginPage.java:59)\r\n\tat com.revature.steps.shared.SharedSteps.the_User_is_on_the(SharedSteps.java:26)\r\n\tat ✽.the User is on the \"http://localhost:8080/planetarium\"(classpath:features/DeletePlanet.feature:6)\r\n",
              "duration": 115723800,
              "status": "failed"
            },
            "line": 6,
            "name": "the User is on the \"http://localhost:8080/planetarium\"",
            "match": {
              "arguments": [
                {
                  "val": "\"http://localhost:8080/planetarium\"",
                  "offset": 19
                }
              ],
              "location": "com.revature.steps.shared.SharedSteps.the_User_is_on_the(java.lang.String)"
            },
            "keyword": "Given "
          },
          {
            "result": {
              "duration": 2629000,
              "status": "skipped"
            },
            "line": 7,
            "name": "the User enter unique \"Venus\"",
            "match": {},
            "keyword": "When "
          },
          {
            "result": {
              "status": "skipped"
            },
            "line": 8,
            "name": "clicks Delete Button",
            "match": {
              "location": "com.revature.steps.moons.DeleteMoonsSteps.clicks_Delete_Button()"
            },
            "keyword": "And "
          },
          {
            "result": {
              "duration": 639600,
              "status": "skipped"
            },
            "line": 9,
            "name": "the User should see delete planet alert \"\"Error: You do not have permission to delete this planet.\"\"",
            "match": {},
            "keyword": "Then "
          },
          {
            "result": {
              "status": "skipped"
            },
            "line": 10,
            "name": "the User should stay in homepage \"http://localhost:8080/planetarium\"",
            "match": {},
            "keyword": "And "
          }
        ]
      },
      {
        "start_timestamp": "2024-11-18T20:26:30.604Z",
        "line": 16,
        "name": "Automated Delete Planet Test Case",
        "description": "    Validating that Planets can be deleted by users if they own the Planet no matter if the Planets have any orbiting Moons or not. User should be able to remove Planet with the orbiting Moon associated with the Planet.",
        "id": "deleteplanet;automated-delete-planet-test-case;;4",
        "type": "scenario",
        "keyword": "Scenario Outline",
        "steps": [
          {
            "result": {
              "error_message": "org.openqa.selenium.WebDriverException: unknown error: unhandled inspector error: {\"code\":-32000,\"message\":\"Not attached to an active page\"}\n  (Session info: chrome\u003d131.0.6778.69)\nBuild info: version: \u00274.23.0\u0027, revision: \u00274df0a231af\u0027\nSystem info: os.name: \u0027Windows 11\u0027, os.arch: \u0027amd64\u0027, os.version: \u002710.0\u0027, java.version: \u002717.0.12\u0027\nDriver info: org.openqa.selenium.chrome.ChromeDriver\nCommand: [6eab4b60430ca31664ebef667f3cbeab, get {url\u003dhttp://localhost:8080/}]\nCapabilities {acceptInsecureCerts: false, browserName: chrome, browserVersion: 131.0.6778.69, chrome: {chromedriverVersion: 131.0.6778.69 (77e2244bbcda..., userDataDir: C:\\Users\\KENAN_~1\\AppData\\L...}, fedcm:accounts: true, goog:chromeOptions: {debuggerAddress: localhost:62566}, networkConnectionEnabled: false, pageLoadStrategy: normal, platformName: windows, proxy: Proxy(), se:cdp: ws://localhost:62566/devtoo..., se:cdpVersion: 131.0.6778.69, setWindowRect: true, strictFileInteractability: false, timeouts: {implicit: 0, pageLoad: 300000, script: 30000}, unhandledPromptBehavior: dismiss and notify, webauthn:extension:credBlob: true, webauthn:extension:largeBlob: true, webauthn:extension:minPinLength: true, webauthn:extension:prf: true, webauthn:virtualAuthenticators: true}\nSession ID: 6eab4b60430ca31664ebef667f3cbeab\r\n\tat java.base/jdk.internal.reflect.NativeConstructorAccessorImpl.newInstance0(Native Method)\r\n\tat java.base/jdk.internal.reflect.NativeConstructorAccessorImpl.newInstance(NativeConstructorAccessorImpl.java:77)\r\n\tat java.base/jdk.internal.reflect.DelegatingConstructorAccessorImpl.newInstance(DelegatingConstructorAccessorImpl.java:45)\r\n\tat java.base/java.lang.reflect.Constructor.newInstanceWithCaller(Constructor.java:500)\r\n\tat java.base/java.lang.reflect.Constructor.newInstance(Constructor.java:481)\r\n\tat org.openqa.selenium.remote.ErrorCodec.decode(ErrorCodec.java:167)\r\n\tat org.openqa.selenium.remote.codec.w3c.W3CHttpResponseCodec.decode(W3CHttpResponseCodec.java:138)\r\n\tat org.openqa.selenium.remote.codec.w3c.W3CHttpResponseCodec.decode(W3CHttpResponseCodec.java:50)\r\n\tat org.openqa.selenium.remote.HttpCommandExecutor.execute(HttpCommandExecutor.java:190)\r\n\tat org.openqa.selenium.remote.service.DriverCommandExecutor.invokeExecute(DriverCommandExecutor.java:216)\r\n\tat org.openqa.selenium.remote.service.DriverCommandExecutor.execute(DriverCommandExecutor.java:174)\r\n\tat org.openqa.selenium.remote.RemoteWebDriver.execute(RemoteWebDriver.java:527)\r\n\tat org.openqa.selenium.remote.RemoteWebDriver.get(RemoteWebDriver.java:302)\r\n\tat com.revature.poms.LoginPage.login(LoginPage.java:59)\r\n\tat com.revature.steps.shared.SharedSteps.the_User_is_on_the(SharedSteps.java:26)\r\n\tat ✽.the User is on the \"http://localhost:8080/planetarium\"(classpath:features/DeletePlanet.feature:6)\r\n",
              "duration": 54807600,
              "status": "failed"
            },
            "line": 6,
            "name": "the User is on the \"http://localhost:8080/planetarium\"",
            "match": {
              "arguments": [
                {
                  "val": "\"http://localhost:8080/planetarium\"",
                  "offset": 19
                }
              ],
              "location": "com.revature.steps.shared.SharedSteps.the_User_is_on_the(java.lang.String)"
            },
            "keyword": "Given "
          },
          {
            "result": {
              "status": "skipped"
            },
            "line": 7,
            "name": "the User enter unique \"Jupiter\"",
            "match": {},
            "keyword": "When "
          },
          {
            "result": {
              "status": "skipped"
            },
            "line": 8,
            "name": "clicks Delete Button",
            "match": {
              "location": "com.revature.steps.moons.DeleteMoonsSteps.clicks_Delete_Button()"
            },
            "keyword": "And "
          },
          {
            "result": {
              "duration": 1002100,
              "status": "skipped"
            },
            "line": 9,
            "name": "the User should see delete planet alert \"\"Planet deleted successfully.\"\"",
            "match": {},
            "keyword": "Then "
          },
          {
            "result": {
              "duration": 1535700,
              "status": "skipped"
            },
            "line": 10,
            "name": "the User should stay in homepage \"http://localhost:8080/planetarium\"",
            "match": {},
            "keyword": "And "
          }
        ]
      },
      {
        "start_timestamp": "2024-11-18T20:26:30.872Z",
        "line": 17,
        "name": "Automated Delete Planet Test Case",
        "description": "    Validating that Planets can be deleted by users if they own the Planet no matter if the Planets have any orbiting Moons or not. User should be able to remove Planet with the orbiting Moon associated with the Planet.",
        "id": "deleteplanet;automated-delete-planet-test-case;;5",
        "type": "scenario",
        "keyword": "Scenario Outline",
        "steps": [
          {
            "result": {
              "error_message": "org.openqa.selenium.WebDriverException: unknown error: unhandled inspector error: {\"code\":-32000,\"message\":\"Not attached to an active page\"}\n  (Session info: chrome\u003d131.0.6778.69)\nBuild info: version: \u00274.23.0\u0027, revision: \u00274df0a231af\u0027\nSystem info: os.name: \u0027Windows 11\u0027, os.arch: \u0027amd64\u0027, os.version: \u002710.0\u0027, java.version: \u002717.0.12\u0027\nDriver info: org.openqa.selenium.chrome.ChromeDriver\nCommand: [6eab4b60430ca31664ebef667f3cbeab, get {url\u003dhttp://localhost:8080/}]\nCapabilities {acceptInsecureCerts: false, browserName: chrome, browserVersion: 131.0.6778.69, chrome: {chromedriverVersion: 131.0.6778.69 (77e2244bbcda..., userDataDir: C:\\Users\\KENAN_~1\\AppData\\L...}, fedcm:accounts: true, goog:chromeOptions: {debuggerAddress: localhost:62566}, networkConnectionEnabled: false, pageLoadStrategy: normal, platformName: windows, proxy: Proxy(), se:cdp: ws://localhost:62566/devtoo..., se:cdpVersion: 131.0.6778.69, setWindowRect: true, strictFileInteractability: false, timeouts: {implicit: 0, pageLoad: 300000, script: 30000}, unhandledPromptBehavior: dismiss and notify, webauthn:extension:credBlob: true, webauthn:extension:largeBlob: true, webauthn:extension:minPinLength: true, webauthn:extension:prf: true, webauthn:virtualAuthenticators: true}\nSession ID: 6eab4b60430ca31664ebef667f3cbeab\r\n\tat java.base/jdk.internal.reflect.NativeConstructorAccessorImpl.newInstance0(Native Method)\r\n\tat java.base/jdk.internal.reflect.NativeConstructorAccessorImpl.newInstance(NativeConstructorAccessorImpl.java:77)\r\n\tat java.base/jdk.internal.reflect.DelegatingConstructorAccessorImpl.newInstance(DelegatingConstructorAccessorImpl.java:45)\r\n\tat java.base/java.lang.reflect.Constructor.newInstanceWithCaller(Constructor.java:500)\r\n\tat java.base/java.lang.reflect.Constructor.newInstance(Constructor.java:481)\r\n\tat org.openqa.selenium.remote.ErrorCodec.decode(ErrorCodec.java:167)\r\n\tat org.openqa.selenium.remote.codec.w3c.W3CHttpResponseCodec.decode(W3CHttpResponseCodec.java:138)\r\n\tat org.openqa.selenium.remote.codec.w3c.W3CHttpResponseCodec.decode(W3CHttpResponseCodec.java:50)\r\n\tat org.openqa.selenium.remote.HttpCommandExecutor.execute(HttpCommandExecutor.java:190)\r\n\tat org.openqa.selenium.remote.service.DriverCommandExecutor.invokeExecute(DriverCommandExecutor.java:216)\r\n\tat org.openqa.selenium.remote.service.DriverCommandExecutor.execute(DriverCommandExecutor.java:174)\r\n\tat org.openqa.selenium.remote.RemoteWebDriver.execute(RemoteWebDriver.java:527)\r\n\tat org.openqa.selenium.remote.RemoteWebDriver.get(RemoteWebDriver.java:302)\r\n\tat com.revature.poms.LoginPage.login(LoginPage.java:59)\r\n\tat com.revature.steps.shared.SharedSteps.the_User_is_on_the(SharedSteps.java:26)\r\n\tat ✽.the User is on the \"http://localhost:8080/planetarium\"(classpath:features/DeletePlanet.feature:6)\r\n",
              "duration": 81948700,
              "status": "failed"
            },
            "line": 6,
            "name": "the User is on the \"http://localhost:8080/planetarium\"",
            "match": {
              "arguments": [
                {
                  "val": "\"http://localhost:8080/planetarium\"",
                  "offset": 19
                }
              ],
              "location": "com.revature.steps.shared.SharedSteps.the_User_is_on_the(java.lang.String)"
            },
            "keyword": "Given "
          },
          {
            "result": {
              "duration": 6576200,
              "status": "skipped"
            },
            "line": 7,
            "name": "the User enter unique \"Saturn\"",
            "match": {},
            "keyword": "When "
          },
          {
            "result": {
              "status": "skipped"
            },
            "line": 8,
            "name": "clicks Delete Button",
            "match": {
              "location": "com.revature.steps.moons.DeleteMoonsSteps.clicks_Delete_Button()"
            },
            "keyword": "And "
          },
          {
            "result": {
              "status": "skipped"
            },
            "line": 9,
            "name": "the User should see delete planet alert \"\"Planet deleted successfully.\"\"",
            "match": {},
            "keyword": "Then "
          },
          {
            "result": {
              "status": "skipped"
            },
            "line": 10,
            "name": "the User should stay in homepage \"http://localhost:8080/planetarium\"",
            "match": {},
            "keyword": "And "
          }
        ]
      }
    ],
    "name": "DeletePlanet",
    "description": "",
    "id": "deleteplanet",
    "keyword": "Feature",
    "uri": "classpath:features/DeletePlanet.feature",
    "tags": []
  },
  {
    "line": 1,
    "elements": [
      {
        "start_timestamp": "2024-11-18T20:26:31.104Z",
        "line": 14,
        "name": "Login with Existing Account Test Case",
        "description": "\tValidating that Users can access the Home Page of the Planetarium given that they enter a Username that exists in the database and the correct password associated with their account.",
        "id": "loginexistingaccount;login-with-existing-account-test-case;;2",
        "type": "scenario",
        "keyword": "Scenario Outline",
        "steps": [
          {
            "result": {
              "error_message": "org.openqa.selenium.WebDriverException: unknown error: unhandled inspector error: {\"code\":-32000,\"message\":\"Not attached to an active page\"}\n  (Session info: chrome\u003d131.0.6778.69)\nBuild info: version: \u00274.23.0\u0027, revision: \u00274df0a231af\u0027\nSystem info: os.name: \u0027Windows 11\u0027, os.arch: \u0027amd64\u0027, os.version: \u002710.0\u0027, java.version: \u002717.0.12\u0027\nDriver info: org.openqa.selenium.chrome.ChromeDriver\nCommand: [6eab4b60430ca31664ebef667f3cbeab, get {url\u003dhttp://localhost:8080/}]\nCapabilities {acceptInsecureCerts: false, browserName: chrome, browserVersion: 131.0.6778.69, chrome: {chromedriverVersion: 131.0.6778.69 (77e2244bbcda..., userDataDir: C:\\Users\\KENAN_~1\\AppData\\L...}, fedcm:accounts: true, goog:chromeOptions: {debuggerAddress: localhost:62566}, networkConnectionEnabled: false, pageLoadStrategy: normal, platformName: windows, proxy: Proxy(), se:cdp: ws://localhost:62566/devtoo..., se:cdpVersion: 131.0.6778.69, setWindowRect: true, strictFileInteractability: false, timeouts: {implicit: 0, pageLoad: 300000, script: 30000}, unhandledPromptBehavior: dismiss and notify, webauthn:extension:credBlob: true, webauthn:extension:largeBlob: true, webauthn:extension:minPinLength: true, webauthn:extension:prf: true, webauthn:virtualAuthenticators: true}\nSession ID: 6eab4b60430ca31664ebef667f3cbeab\r\n\tat java.base/jdk.internal.reflect.NativeConstructorAccessorImpl.newInstance0(Native Method)\r\n\tat java.base/jdk.internal.reflect.NativeConstructorAccessorImpl.newInstance(NativeConstructorAccessorImpl.java:77)\r\n\tat java.base/jdk.internal.reflect.DelegatingConstructorAccessorImpl.newInstance(DelegatingConstructorAccessorImpl.java:45)\r\n\tat java.base/java.lang.reflect.Constructor.newInstanceWithCaller(Constructor.java:500)\r\n\tat java.base/java.lang.reflect.Constructor.newInstance(Constructor.java:481)\r\n\tat org.openqa.selenium.remote.ErrorCodec.decode(ErrorCodec.java:167)\r\n\tat org.openqa.selenium.remote.codec.w3c.W3CHttpResponseCodec.decode(W3CHttpResponseCodec.java:138)\r\n\tat org.openqa.selenium.remote.codec.w3c.W3CHttpResponseCodec.decode(W3CHttpResponseCodec.java:50)\r\n\tat org.openqa.selenium.remote.HttpCommandExecutor.execute(HttpCommandExecutor.java:190)\r\n\tat org.openqa.selenium.remote.service.DriverCommandExecutor.invokeExecute(DriverCommandExecutor.java:216)\r\n\tat org.openqa.selenium.remote.service.DriverCommandExecutor.execute(DriverCommandExecutor.java:174)\r\n\tat org.openqa.selenium.remote.RemoteWebDriver.execute(RemoteWebDriver.java:527)\r\n\tat org.openqa.selenium.remote.RemoteWebDriver.get(RemoteWebDriver.java:302)\r\n\tat com.revature.poms.LoginPage.login(LoginPage.java:59)\r\n\tat com.revature.steps.shared.SharedSteps.the_User_is_on_the(SharedSteps.java:26)\r\n\tat ✽.the User is on the \"http://localhost:8080/\"(classpath:features/LoginExistingAccount.feature:5)\r\n",
              "duration": 71518000,
              "status": "failed"
            },
            "line": 5,
            "name": "the User is on the \"http://localhost:8080/\"",
            "match": {
              "arguments": [
                {
                  "val": "\"http://localhost:8080/\"",
                  "offset": 19
                }
              ],
              "location": "com.revature.steps.shared.SharedSteps.the_User_is_on_the(java.lang.String)"
            },
            "keyword": "Given "
          },
          {
            "result": {
              "duration": 1044400,
              "status": "skipped"
            },
            "line": 6,
            "name": "the User inputs \"Robin\"",
            "match": {},
            "keyword": "When "
          },
          {
            "result": {
              "status": "skipped"
            },
            "line": 7,
            "name": "inputs \"BatmanAndRobinToTheRescue20202\"",
            "match": {
              "arguments": [
                {
                  "val": "\"BatmanAndRobinToTheRescue20202\"",
                  "offset": 7
                }
              ],
              "location": "com.revature.steps.moons.DeleteMoonsSteps.inputs(java.lang.String)"
            },
            "keyword": "And "
          },
          {
            "result": {
              "status": "skipped"
            },
            "line": 8,
            "name": "clicks the Login Button",
            "match": {},
            "keyword": "And "
          },
          {
            "result": {
              "status": "skipped"
            },
            "line": 9,
            "name": "the User should \"User redirected to login page\"",
            "match": {},
            "keyword": "Then "
          },
          {
            "result": {
              "status": "skipped"
            },
            "line": 10,
            "name": "should redirect to \"http://localhost:8080/\"",
            "match": {},
            "keyword": "And "
          }
        ]
      },
      {
        "start_timestamp": "2024-11-18T20:26:31.319Z",
        "line": 15,
        "name": "Login with Existing Account Test Case",
        "description": "\tValidating that Users can access the Home Page of the Planetarium given that they enter a Username that exists in the database and the correct password associated with their account.",
        "id": "loginexistingaccount;login-with-existing-account-test-case;;3",
        "type": "scenario",
        "keyword": "Scenario Outline",
        "steps": [
          {
            "result": {
              "error_message": "org.openqa.selenium.WebDriverException: unknown error: unhandled inspector error: {\"code\":-32000,\"message\":\"Not attached to an active page\"}\n  (Session info: chrome\u003d131.0.6778.69)\nBuild info: version: \u00274.23.0\u0027, revision: \u00274df0a231af\u0027\nSystem info: os.name: \u0027Windows 11\u0027, os.arch: \u0027amd64\u0027, os.version: \u002710.0\u0027, java.version: \u002717.0.12\u0027\nDriver info: org.openqa.selenium.chrome.ChromeDriver\nCommand: [6eab4b60430ca31664ebef667f3cbeab, get {url\u003dhttp://localhost:8080/}]\nCapabilities {acceptInsecureCerts: false, browserName: chrome, browserVersion: 131.0.6778.69, chrome: {chromedriverVersion: 131.0.6778.69 (77e2244bbcda..., userDataDir: C:\\Users\\KENAN_~1\\AppData\\L...}, fedcm:accounts: true, goog:chromeOptions: {debuggerAddress: localhost:62566}, networkConnectionEnabled: false, pageLoadStrategy: normal, platformName: windows, proxy: Proxy(), se:cdp: ws://localhost:62566/devtoo..., se:cdpVersion: 131.0.6778.69, setWindowRect: true, strictFileInteractability: false, timeouts: {implicit: 0, pageLoad: 300000, script: 30000}, unhandledPromptBehavior: dismiss and notify, webauthn:extension:credBlob: true, webauthn:extension:largeBlob: true, webauthn:extension:minPinLength: true, webauthn:extension:prf: true, webauthn:virtualAuthenticators: true}\nSession ID: 6eab4b60430ca31664ebef667f3cbeab\r\n\tat java.base/jdk.internal.reflect.NativeConstructorAccessorImpl.newInstance0(Native Method)\r\n\tat java.base/jdk.internal.reflect.NativeConstructorAccessorImpl.newInstance(NativeConstructorAccessorImpl.java:77)\r\n\tat java.base/jdk.internal.reflect.DelegatingConstructorAccessorImpl.newInstance(DelegatingConstructorAccessorImpl.java:45)\r\n\tat java.base/java.lang.reflect.Constructor.newInstanceWithCaller(Constructor.java:500)\r\n\tat java.base/java.lang.reflect.Constructor.newInstance(Constructor.java:481)\r\n\tat org.openqa.selenium.remote.ErrorCodec.decode(ErrorCodec.java:167)\r\n\tat org.openqa.selenium.remote.codec.w3c.W3CHttpResponseCodec.decode(W3CHttpResponseCodec.java:138)\r\n\tat org.openqa.selenium.remote.codec.w3c.W3CHttpResponseCodec.decode(W3CHttpResponseCodec.java:50)\r\n\tat org.openqa.selenium.remote.HttpCommandExecutor.execute(HttpCommandExecutor.java:190)\r\n\tat org.openqa.selenium.remote.service.DriverCommandExecutor.invokeExecute(DriverCommandExecutor.java:216)\r\n\tat org.openqa.selenium.remote.service.DriverCommandExecutor.execute(DriverCommandExecutor.java:174)\r\n\tat org.openqa.selenium.remote.RemoteWebDriver.execute(RemoteWebDriver.java:527)\r\n\tat org.openqa.selenium.remote.RemoteWebDriver.get(RemoteWebDriver.java:302)\r\n\tat com.revature.poms.LoginPage.login(LoginPage.java:59)\r\n\tat com.revature.steps.shared.SharedSteps.the_User_is_on_the(SharedSteps.java:26)\r\n\tat ✽.the User is on the \"http://localhost:8080/\"(classpath:features/LoginExistingAccount.feature:5)\r\n",
              "duration": 41963600,
              "status": "failed"
            },
            "line": 5,
            "name": "the User is on the \"http://localhost:8080/\"",
            "match": {
              "arguments": [
                {
                  "val": "\"http://localhost:8080/\"",
                  "offset": 19
                }
              ],
              "location": "com.revature.steps.shared.SharedSteps.the_User_is_on_the(java.lang.String)"
            },
            "keyword": "Given "
          },
          {
            "result": {
              "duration": 999900,
              "status": "skipped"
            },
            "line": 6,
            "name": "the User inputs \"Batman\"",
            "match": {},
            "keyword": "When "
          },
          {
            "result": {
              "duration": 980900,
              "status": "skipped"
            },
            "line": 7,
            "name": "inputs \"BatmanAndRobinToTheRescue20202\"",
            "match": {
              "arguments": [
                {
                  "val": "\"BatmanAndRobinToTheRescue20202\"",
                  "offset": 7
                }
              ],
              "location": "com.revature.steps.moons.DeleteMoonsSteps.inputs(java.lang.String)"
            },
            "keyword": "And "
          },
          {
            "result": {
              "duration": 1006100,
              "status": "skipped"
            },
            "line": 8,
            "name": "clicks the Login Button",
            "match": {},
            "keyword": "And "
          },
          {
            "result": {
              "duration": 1000500,
              "status": "skipped"
            },
            "line": 9,
            "name": "the User should \"User remains on creation page\"",
            "match": {},
            "keyword": "Then "
          },
          {
            "result": {
              "status": "skipped"
            },
            "line": 10,
            "name": "should redirect to \"http://localhost:8080/\"",
            "match": {},
            "keyword": "And "
          }
        ]
      }
    ],
    "name": "LoginExistingAccount",
    "description": "",
    "id": "loginexistingaccount",
    "keyword": "Feature",
    "uri": "classpath:features/LoginExistingAccount.feature",
    "tags": []
  },
  {
    "line": 1,
    "elements": [
      {
        "start_timestamp": "2024-11-18T20:26:31.518Z",
        "line": 11,
        "name": "Logout with Existing Account Test Case",
        "description": "\tValidating that Users can use the Logout Button on the Home Page to logout and go back to the Login Page.",
        "id": "logoutaccount;logout-with-existing-account-test-case;;2",
        "type": "scenario",
        "keyword": "Scenario Outline",
        "steps": [
          {
            "result": {
              "status": "undefined"
            },
            "line": 5,
            "name": "The user is on the \"http://localhost:8080/home\"",
            "match": {},
            "keyword": "Given "
          },
          {
            "result": {
              "status": "skipped"
            },
            "line": 6,
            "name": "the User clicks the Logout Button",
            "match": {},
            "keyword": "When "
          },
          {
            "result": {
              "status": "skipped"
            },
            "line": 7,
            "name": "the User should redirect to http://localhost:8080/",
            "match": {},
            "keyword": "Then "
          }
        ]
      }
    ],
    "name": "LogoutAccount",
    "description": "",
    "id": "logoutaccount",
    "keyword": "Feature",
    "uri": "classpath:features/LogoutTestCase.feature",
    "tags": []
  },
  {
    "line": 1,
    "elements": [
      {
        "start_timestamp": "2024-11-18T20:26:31.689Z",
        "line": 11,
        "name": "Users should be redirected to the create account page from the login page",
        "description": "\tValidating the create account page is accessed properly from the login page",
        "id": "accountredirect;users-should-be-redirected-to-the-create-account-page-from-the-login-page;;2",
        "type": "scenario",
        "keyword": "Scenario Outline",
        "steps": [
          {
            "result": {
              "error_message": "org.openqa.selenium.WebDriverException: unknown error: unhandled inspector error: {\"code\":-32000,\"message\":\"Not attached to an active page\"}\n  (Session info: chrome\u003d131.0.6778.69)\nBuild info: version: \u00274.23.0\u0027, revision: \u00274df0a231af\u0027\nSystem info: os.name: \u0027Windows 11\u0027, os.arch: \u0027amd64\u0027, os.version: \u002710.0\u0027, java.version: \u002717.0.12\u0027\nDriver info: org.openqa.selenium.chrome.ChromeDriver\nCommand: [6eab4b60430ca31664ebef667f3cbeab, get {url\u003dhttp://localhost:8080/}]\nCapabilities {acceptInsecureCerts: false, browserName: chrome, browserVersion: 131.0.6778.69, chrome: {chromedriverVersion: 131.0.6778.69 (77e2244bbcda..., userDataDir: C:\\Users\\KENAN_~1\\AppData\\L...}, fedcm:accounts: true, goog:chromeOptions: {debuggerAddress: localhost:62566}, networkConnectionEnabled: false, pageLoadStrategy: normal, platformName: windows, proxy: Proxy(), se:cdp: ws://localhost:62566/devtoo..., se:cdpVersion: 131.0.6778.69, setWindowRect: true, strictFileInteractability: false, timeouts: {implicit: 0, pageLoad: 300000, script: 30000}, unhandledPromptBehavior: dismiss and notify, webauthn:extension:credBlob: true, webauthn:extension:largeBlob: true, webauthn:extension:minPinLength: true, webauthn:extension:prf: true, webauthn:virtualAuthenticators: true}\nSession ID: 6eab4b60430ca31664ebef667f3cbeab\r\n\tat java.base/jdk.internal.reflect.NativeConstructorAccessorImpl.newInstance0(Native Method)\r\n\tat java.base/jdk.internal.reflect.NativeConstructorAccessorImpl.newInstance(NativeConstructorAccessorImpl.java:77)\r\n\tat java.base/jdk.internal.reflect.DelegatingConstructorAccessorImpl.newInstance(DelegatingConstructorAccessorImpl.java:45)\r\n\tat java.base/java.lang.reflect.Constructor.newInstanceWithCaller(Constructor.java:500)\r\n\tat java.base/java.lang.reflect.Constructor.newInstance(Constructor.java:481)\r\n\tat org.openqa.selenium.remote.ErrorCodec.decode(ErrorCodec.java:167)\r\n\tat org.openqa.selenium.remote.codec.w3c.W3CHttpResponseCodec.decode(W3CHttpResponseCodec.java:138)\r\n\tat org.openqa.selenium.remote.codec.w3c.W3CHttpResponseCodec.decode(W3CHttpResponseCodec.java:50)\r\n\tat org.openqa.selenium.remote.HttpCommandExecutor.execute(HttpCommandExecutor.java:190)\r\n\tat org.openqa.selenium.remote.service.DriverCommandExecutor.invokeExecute(DriverCommandExecutor.java:216)\r\n\tat org.openqa.selenium.remote.service.DriverCommandExecutor.execute(DriverCommandExecutor.java:174)\r\n\tat org.openqa.selenium.remote.RemoteWebDriver.execute(RemoteWebDriver.java:527)\r\n\tat org.openqa.selenium.remote.RemoteWebDriver.get(RemoteWebDriver.java:302)\r\n\tat com.revature.poms.LoginPage.login(LoginPage.java:59)\r\n\tat com.revature.steps.shared.SharedSteps.the_User_is_on_the(SharedSteps.java:26)\r\n\tat ✽.the User is on the \"http://localhost:8080/\"(classpath:features/RegisterRedirect.feature:5)\r\n",
              "duration": 90062100,
              "status": "failed"
            },
            "line": 5,
            "name": "the User is on the \"http://localhost:8080/\"",
            "match": {
              "arguments": [
                {
                  "val": "\"http://localhost:8080/\"",
                  "offset": 19
                }
              ],
              "location": "com.revature.steps.shared.SharedSteps.the_User_is_on_the(java.lang.String)"
            },
            "keyword": "Given "
          },
          {
            "result": {
              "status": "skipped"
            },
            "line": 6,
            "name": "the User click the Create Account button",
            "match": {
              "location": "com.revature.steps.redirect.RedirectSteps.the_user_clicks_the_create_account_button()"
            },
            "keyword": "When "
          },
          {
            "result": {
              "duration": 996000,
              "status": "skipped"
            },
            "line": 7,
            "name": "the User should redirect to registration page \"\u003cCreate Account Page\u003e\"",
            "match": {
              "arguments": [
                {
                  "val": "\"\u003cCreate Account Page\u003e\"",
                  "offset": 46
                }
              ],
              "location": "com.revature.steps.redirect.RedirectSteps.the_user_should_redirect_to_registration_page(java.lang.String)"
            },
            "keyword": "Then "
          }
        ]
      }
    ],
    "name": "AccountRedirect",
    "description": "",
    "id": "accountredirect",
    "keyword": "Feature",
    "uri": "classpath:features/RegisterRedirect.feature",
    "tags": []
  },
  {
    "line": 1,
    "elements": [
      {
        "start_timestamp": "2024-11-18T20:26:31.911Z",
        "line": 14,
        "name": "User Registration Username/Password 30 character Limit Requirement Test Case",
        "description": "\tValidating Users can open a new User account with the Planetarium when they provide a username and password that meet the character limit requirement, and if they don\u0027t their account should not be created",
        "id": "registrationcharacterlimit;user-registration-username/password-30-character-limit-requirement-test-case;;2",
        "type": "scenario",
        "keyword": "Scenario Outline",
        "steps": [
          {
            "result": {
              "error_message": "org.openqa.selenium.WebDriverException: unknown error: unhandled inspector error: {\"code\":-32000,\"message\":\"Not attached to an active page\"}\n  (Session info: chrome\u003d131.0.6778.69)\nBuild info: version: \u00274.23.0\u0027, revision: \u00274df0a231af\u0027\nSystem info: os.name: \u0027Windows 11\u0027, os.arch: \u0027amd64\u0027, os.version: \u002710.0\u0027, java.version: \u002717.0.12\u0027\nDriver info: org.openqa.selenium.chrome.ChromeDriver\nCommand: [6eab4b60430ca31664ebef667f3cbeab, get {url\u003dhttp://localhost:8080/}]\nCapabilities {acceptInsecureCerts: false, browserName: chrome, browserVersion: 131.0.6778.69, chrome: {chromedriverVersion: 131.0.6778.69 (77e2244bbcda..., userDataDir: C:\\Users\\KENAN_~1\\AppData\\L...}, fedcm:accounts: true, goog:chromeOptions: {debuggerAddress: localhost:62566}, networkConnectionEnabled: false, pageLoadStrategy: normal, platformName: windows, proxy: Proxy(), se:cdp: ws://localhost:62566/devtoo..., se:cdpVersion: 131.0.6778.69, setWindowRect: true, strictFileInteractability: false, timeouts: {implicit: 0, pageLoad: 300000, script: 30000}, unhandledPromptBehavior: dismiss and notify, webauthn:extension:credBlob: true, webauthn:extension:largeBlob: true, webauthn:extension:minPinLength: true, webauthn:extension:prf: true, webauthn:virtualAuthenticators: true}\nSession ID: 6eab4b60430ca31664ebef667f3cbeab\r\n\tat java.base/jdk.internal.reflect.NativeConstructorAccessorImpl.newInstance0(Native Method)\r\n\tat java.base/jdk.internal.reflect.NativeConstructorAccessorImpl.newInstance(NativeConstructorAccessorImpl.java:77)\r\n\tat java.base/jdk.internal.reflect.DelegatingConstructorAccessorImpl.newInstance(DelegatingConstructorAccessorImpl.java:45)\r\n\tat java.base/java.lang.reflect.Constructor.newInstanceWithCaller(Constructor.java:500)\r\n\tat java.base/java.lang.reflect.Constructor.newInstance(Constructor.java:481)\r\n\tat org.openqa.selenium.remote.ErrorCodec.decode(ErrorCodec.java:167)\r\n\tat org.openqa.selenium.remote.codec.w3c.W3CHttpResponseCodec.decode(W3CHttpResponseCodec.java:138)\r\n\tat org.openqa.selenium.remote.codec.w3c.W3CHttpResponseCodec.decode(W3CHttpResponseCodec.java:50)\r\n\tat org.openqa.selenium.remote.HttpCommandExecutor.execute(HttpCommandExecutor.java:190)\r\n\tat org.openqa.selenium.remote.service.DriverCommandExecutor.invokeExecute(DriverCommandExecutor.java:216)\r\n\tat org.openqa.selenium.remote.service.DriverCommandExecutor.execute(DriverCommandExecutor.java:174)\r\n\tat org.openqa.selenium.remote.RemoteWebDriver.execute(RemoteWebDriver.java:527)\r\n\tat org.openqa.selenium.remote.RemoteWebDriver.get(RemoteWebDriver.java:302)\r\n\tat com.revature.poms.LoginPage.login(LoginPage.java:59)\r\n\tat com.revature.steps.shared.SharedSteps.the_User_is_on_the(SharedSteps.java:26)\r\n\tat ✽.the User is on the \"http://localhost:8080/register\"(classpath:features/RegistrationCharacterLimit.feature:5)\r\n",
              "duration": 80919000,
              "status": "failed"
            },
            "line": 5,
            "name": "the User is on the \"http://localhost:8080/register\"",
            "match": {
              "arguments": [
                {
                  "val": "\"http://localhost:8080/register\"",
                  "offset": 19
                }
              ],
              "location": "com.revature.steps.shared.SharedSteps.the_User_is_on_the(java.lang.String)"
            },
            "keyword": "Given "
          },
          {
            "result": {
              "status": "skipped"
            },
            "line": 6,
            "name": "the User inputs \"(no values)\"",
            "match": {},
            "keyword": "When "
          },
          {
            "result": {
              "status": "skipped"
            },
            "line": 7,
            "name": "inputs \"(no value)\"",
            "match": {
              "arguments": [
                {
                  "val": "\"(no value)\"",
                  "offset": 7
                }
              ],
              "location": "com.revature.steps.moons.DeleteMoonsSteps.inputs(java.lang.String)"
            },
            "keyword": "And "
          },
          {
            "result": {
              "status": "skipped"
            },
            "line": 8,
            "name": "clicks Create Account Button",
            "match": {},
            "keyword": "And "
          },
          {
            "result": {
              "duration": 1033900,
              "status": "skipped"
            },
            "line": 9,
            "name": "the User should see an Alert saying \"User created\"",
            "match": {
              "arguments": [
                {
                  "val": "\"User created\"",
                  "offset": 36
                }
              ],
              "location": "com.revature.steps.moons.DeleteMoonsSteps.the_User_should_see_an_Alert_saying(java.lang.String)"
            },
            "keyword": "Then "
          },
          {
            "result": {
              "status": "skipped"
            },
            "line": 10,
            "name": "should \"User redirected to login page\"",
            "match": {
              "arguments": [
                {
                  "val": "\"User redirected to login page\"",
                  "offset": 7
                }
              ],
              "location": "com.revature.steps.moons.DeleteMoonsSteps.should(java.lang.String)"
            },
            "keyword": "And "
          }
        ]
      },
      {
        "start_timestamp": "2024-11-18T20:26:32.238Z",
        "line": 15,
        "name": "User Registration Username/Password 30 character Limit Requirement Test Case",
        "description": "\tValidating Users can open a new User account with the Planetarium when they provide a username and password that meet the character limit requirement, and if they don\u0027t their account should not be created",
        "id": "registrationcharacterlimit;user-registration-username/password-30-character-limit-requirement-test-case;;3",
        "type": "scenario",
        "keyword": "Scenario Outline",
        "steps": [
          {
            "result": {
              "error_message": "org.openqa.selenium.WebDriverException: unknown error: unhandled inspector error: {\"code\":-32000,\"message\":\"Not attached to an active page\"}\n  (Session info: chrome\u003d131.0.6778.69)\nBuild info: version: \u00274.23.0\u0027, revision: \u00274df0a231af\u0027\nSystem info: os.name: \u0027Windows 11\u0027, os.arch: \u0027amd64\u0027, os.version: \u002710.0\u0027, java.version: \u002717.0.12\u0027\nDriver info: org.openqa.selenium.chrome.ChromeDriver\nCommand: [6eab4b60430ca31664ebef667f3cbeab, get {url\u003dhttp://localhost:8080/}]\nCapabilities {acceptInsecureCerts: false, browserName: chrome, browserVersion: 131.0.6778.69, chrome: {chromedriverVersion: 131.0.6778.69 (77e2244bbcda..., userDataDir: C:\\Users\\KENAN_~1\\AppData\\L...}, fedcm:accounts: true, goog:chromeOptions: {debuggerAddress: localhost:62566}, networkConnectionEnabled: false, pageLoadStrategy: normal, platformName: windows, proxy: Proxy(), se:cdp: ws://localhost:62566/devtoo..., se:cdpVersion: 131.0.6778.69, setWindowRect: true, strictFileInteractability: false, timeouts: {implicit: 0, pageLoad: 300000, script: 30000}, unhandledPromptBehavior: dismiss and notify, webauthn:extension:credBlob: true, webauthn:extension:largeBlob: true, webauthn:extension:minPinLength: true, webauthn:extension:prf: true, webauthn:virtualAuthenticators: true}\nSession ID: 6eab4b60430ca31664ebef667f3cbeab\r\n\tat java.base/jdk.internal.reflect.NativeConstructorAccessorImpl.newInstance0(Native Method)\r\n\tat java.base/jdk.internal.reflect.NativeConstructorAccessorImpl.newInstance(NativeConstructorAccessorImpl.java:77)\r\n\tat java.base/jdk.internal.reflect.DelegatingConstructorAccessorImpl.newInstance(DelegatingConstructorAccessorImpl.java:45)\r\n\tat java.base/java.lang.reflect.Constructor.newInstanceWithCaller(Constructor.java:500)\r\n\tat java.base/java.lang.reflect.Constructor.newInstance(Constructor.java:481)\r\n\tat org.openqa.selenium.remote.ErrorCodec.decode(ErrorCodec.java:167)\r\n\tat org.openqa.selenium.remote.codec.w3c.W3CHttpResponseCodec.decode(W3CHttpResponseCodec.java:138)\r\n\tat org.openqa.selenium.remote.codec.w3c.W3CHttpResponseCodec.decode(W3CHttpResponseCodec.java:50)\r\n\tat org.openqa.selenium.remote.HttpCommandExecutor.execute(HttpCommandExecutor.java:190)\r\n\tat org.openqa.selenium.remote.service.DriverCommandExecutor.invokeExecute(DriverCommandExecutor.java:216)\r\n\tat org.openqa.selenium.remote.service.DriverCommandExecutor.execute(DriverCommandExecutor.java:174)\r\n\tat org.openqa.selenium.remote.RemoteWebDriver.execute(RemoteWebDriver.java:527)\r\n\tat org.openqa.selenium.remote.RemoteWebDriver.get(RemoteWebDriver.java:302)\r\n\tat com.revature.poms.LoginPage.login(LoginPage.java:59)\r\n\tat com.revature.steps.shared.SharedSteps.the_User_is_on_the(SharedSteps.java:26)\r\n\tat ✽.the User is on the \"http://localhost:8080/register\"(classpath:features/RegistrationCharacterLimit.feature:5)\r\n",
              "duration": 110705200,
              "status": "failed"
            },
            "line": 5,
            "name": "the User is on the \"http://localhost:8080/register\"",
            "match": {
              "arguments": [
                {
                  "val": "\"http://localhost:8080/register\"",
                  "offset": 19
                }
              ],
              "location": "com.revature.steps.shared.SharedSteps.the_User_is_on_the(java.lang.String)"
            },
            "keyword": "Given "
          },
          {
            "result": {
              "duration": 1613300,
              "status": "skipped"
            },
            "line": 6,
            "name": "the User inputs \"(no values)\"",
            "match": {},
            "keyword": "When "
          },
          {
            "result": {
              "duration": 971800,
              "status": "skipped"
            },
            "line": 7,
            "name": "inputs \"GordonIsMyHeroForeverGoodMan11\"",
            "match": {
              "arguments": [
                {
                  "val": "\"GordonIsMyHeroForeverGoodMan11\"",
                  "offset": 7
                }
              ],
              "location": "com.revature.steps.moons.DeleteMoonsSteps.inputs(java.lang.String)"
            },
            "keyword": "And "
          },
          {
            "result": {
              "status": "skipped"
            },
            "line": 8,
            "name": "clicks Create Account Button",
            "match": {},
            "keyword": "And "
          },
          {
            "result": {
              "status": "skipped"
            },
            "line": 9,
            "name": "the User should see an Alert saying \"User created\"",
            "match": {
              "arguments": [
                {
                  "val": "\"User created\"",
                  "offset": 36
                }
              ],
              "location": "com.revature.steps.moons.DeleteMoonsSteps.the_User_should_see_an_Alert_saying(java.lang.String)"
            },
            "keyword": "Then "
          },
          {
            "result": {
              "status": "skipped"
            },
            "line": 10,
            "name": "should \"User redirected to login page\"",
            "match": {
              "arguments": [
                {
                  "val": "\"User redirected to login page\"",
                  "offset": 7
                }
              ],
              "location": "com.revature.steps.moons.DeleteMoonsSteps.should(java.lang.String)"
            },
            "keyword": "And "
          }
        ]
      },
      {
        "start_timestamp": "2024-11-18T20:26:32.537Z",
        "line": 16,
        "name": "User Registration Username/Password 30 character Limit Requirement Test Case",
        "description": "\tValidating Users can open a new User account with the Planetarium when they provide a username and password that meet the character limit requirement, and if they don\u0027t their account should not be created",
        "id": "registrationcharacterlimit;user-registration-username/password-30-character-limit-requirement-test-case;;4",
        "type": "scenario",
        "keyword": "Scenario Outline",
        "steps": [
          {
            "result": {
              "error_message": "org.openqa.selenium.WebDriverException: unknown error: unhandled inspector error: {\"code\":-32000,\"message\":\"Not attached to an active page\"}\n  (Session info: chrome\u003d131.0.6778.69)\nBuild info: version: \u00274.23.0\u0027, revision: \u00274df0a231af\u0027\nSystem info: os.name: \u0027Windows 11\u0027, os.arch: \u0027amd64\u0027, os.version: \u002710.0\u0027, java.version: \u002717.0.12\u0027\nDriver info: org.openqa.selenium.chrome.ChromeDriver\nCommand: [6eab4b60430ca31664ebef667f3cbeab, get {url\u003dhttp://localhost:8080/}]\nCapabilities {acceptInsecureCerts: false, browserName: chrome, browserVersion: 131.0.6778.69, chrome: {chromedriverVersion: 131.0.6778.69 (77e2244bbcda..., userDataDir: C:\\Users\\KENAN_~1\\AppData\\L...}, fedcm:accounts: true, goog:chromeOptions: {debuggerAddress: localhost:62566}, networkConnectionEnabled: false, pageLoadStrategy: normal, platformName: windows, proxy: Proxy(), se:cdp: ws://localhost:62566/devtoo..., se:cdpVersion: 131.0.6778.69, setWindowRect: true, strictFileInteractability: false, timeouts: {implicit: 0, pageLoad: 300000, script: 30000}, unhandledPromptBehavior: dismiss and notify, webauthn:extension:credBlob: true, webauthn:extension:largeBlob: true, webauthn:extension:minPinLength: true, webauthn:extension:prf: true, webauthn:virtualAuthenticators: true}\nSession ID: 6eab4b60430ca31664ebef667f3cbeab\r\n\tat java.base/jdk.internal.reflect.NativeConstructorAccessorImpl.newInstance0(Native Method)\r\n\tat java.base/jdk.internal.reflect.NativeConstructorAccessorImpl.newInstance(NativeConstructorAccessorImpl.java:77)\r\n\tat java.base/jdk.internal.reflect.DelegatingConstructorAccessorImpl.newInstance(DelegatingConstructorAccessorImpl.java:45)\r\n\tat java.base/java.lang.reflect.Constructor.newInstanceWithCaller(Constructor.java:500)\r\n\tat java.base/java.lang.reflect.Constructor.newInstance(Constructor.java:481)\r\n\tat org.openqa.selenium.remote.ErrorCodec.decode(ErrorCodec.java:167)\r\n\tat org.openqa.selenium.remote.codec.w3c.W3CHttpResponseCodec.decode(W3CHttpResponseCodec.java:138)\r\n\tat org.openqa.selenium.remote.codec.w3c.W3CHttpResponseCodec.decode(W3CHttpResponseCodec.java:50)\r\n\tat org.openqa.selenium.remote.HttpCommandExecutor.execute(HttpCommandExecutor.java:190)\r\n\tat org.openqa.selenium.remote.service.DriverCommandExecutor.invokeExecute(DriverCommandExecutor.java:216)\r\n\tat org.openqa.selenium.remote.service.DriverCommandExecutor.execute(DriverCommandExecutor.java:174)\r\n\tat org.openqa.selenium.remote.RemoteWebDriver.execute(RemoteWebDriver.java:527)\r\n\tat org.openqa.selenium.remote.RemoteWebDriver.get(RemoteWebDriver.java:302)\r\n\tat com.revature.poms.LoginPage.login(LoginPage.java:59)\r\n\tat com.revature.steps.shared.SharedSteps.the_User_is_on_the(SharedSteps.java:26)\r\n\tat ✽.the User is on the \"http://localhost:8080/register\"(classpath:features/RegistrationCharacterLimit.feature:5)\r\n",
              "duration": 162105200,
              "status": "failed"
            },
            "line": 5,
            "name": "the User is on the \"http://localhost:8080/register\"",
            "match": {
              "arguments": [
                {
                  "val": "\"http://localhost:8080/register\"",
                  "offset": 19
                }
              ],
              "location": "com.revature.steps.shared.SharedSteps.the_User_is_on_the(java.lang.String)"
            },
            "keyword": "Given "
          },
          {
            "result": {
              "status": "skipped"
            },
            "line": 6,
            "name": "the User inputs \"(no values)\"",
            "match": {},
            "keyword": "When "
          },
          {
            "result": {
              "status": "skipped"
            },
            "line": 7,
            "name": "inputs \"LexLuthorIsSchemingAgainOhNo!!!\"",
            "match": {
              "arguments": [
                {
                  "val": "\"LexLuthorIsSchemingAgainOhNo!!!\"",
                  "offset": 7
                }
              ],
              "location": "com.revature.steps.moons.DeleteMoonsSteps.inputs(java.lang.String)"
            },
            "keyword": "And "
          },
          {
            "result": {
              "duration": 1025300,
              "status": "skipped"
            },
            "line": 8,
            "name": "clicks Create Account Button",
            "match": {},
            "keyword": "And "
          },
          {
            "result": {
              "status": "skipped"
            },
            "line": 9,
            "name": "the User should see an Alert saying \"User not created\"",
            "match": {
              "arguments": [
                {
                  "val": "\"User not created\"",
                  "offset": 36
                }
              ],
              "location": "com.revature.steps.moons.DeleteMoonsSteps.the_User_should_see_an_Alert_saying(java.lang.String)"
            },
            "keyword": "Then "
          },
          {
            "result": {
              "status": "skipped"
            },
            "line": 10,
            "name": "should \"User remains on creation page\"",
            "match": {
              "arguments": [
                {
                  "val": "\"User remains on creation page\"",
                  "offset": 7
                }
              ],
              "location": "com.revature.steps.moons.DeleteMoonsSteps.should(java.lang.String)"
            },
            "keyword": "And "
          }
        ]
      },
      {
        "start_timestamp": "2024-11-18T20:26:32.974Z",
        "line": 17,
        "name": "User Registration Username/Password 30 character Limit Requirement Test Case",
        "description": "\tValidating Users can open a new User account with the Planetarium when they provide a username and password that meet the character limit requirement, and if they don\u0027t their account should not be created",
        "id": "registrationcharacterlimit;user-registration-username/password-30-character-limit-requirement-test-case;;5",
        "type": "scenario",
        "keyword": "Scenario Outline",
        "steps": [
          {
            "result": {
              "error_message": "org.openqa.selenium.WebDriverException: unknown error: unhandled inspector error: {\"code\":-32000,\"message\":\"Not attached to an active page\"}\n  (Session info: chrome\u003d131.0.6778.69)\nBuild info: version: \u00274.23.0\u0027, revision: \u00274df0a231af\u0027\nSystem info: os.name: \u0027Windows 11\u0027, os.arch: \u0027amd64\u0027, os.version: \u002710.0\u0027, java.version: \u002717.0.12\u0027\nDriver info: org.openqa.selenium.chrome.ChromeDriver\nCommand: [6eab4b60430ca31664ebef667f3cbeab, get {url\u003dhttp://localhost:8080/}]\nCapabilities {acceptInsecureCerts: false, browserName: chrome, browserVersion: 131.0.6778.69, chrome: {chromedriverVersion: 131.0.6778.69 (77e2244bbcda..., userDataDir: C:\\Users\\KENAN_~1\\AppData\\L...}, fedcm:accounts: true, goog:chromeOptions: {debuggerAddress: localhost:62566}, networkConnectionEnabled: false, pageLoadStrategy: normal, platformName: windows, proxy: Proxy(), se:cdp: ws://localhost:62566/devtoo..., se:cdpVersion: 131.0.6778.69, setWindowRect: true, strictFileInteractability: false, timeouts: {implicit: 0, pageLoad: 300000, script: 30000}, unhandledPromptBehavior: dismiss and notify, webauthn:extension:credBlob: true, webauthn:extension:largeBlob: true, webauthn:extension:minPinLength: true, webauthn:extension:prf: true, webauthn:virtualAuthenticators: true}\nSession ID: 6eab4b60430ca31664ebef667f3cbeab\r\n\tat java.base/jdk.internal.reflect.NativeConstructorAccessorImpl.newInstance0(Native Method)\r\n\tat java.base/jdk.internal.reflect.NativeConstructorAccessorImpl.newInstance(NativeConstructorAccessorImpl.java:77)\r\n\tat java.base/jdk.internal.reflect.DelegatingConstructorAccessorImpl.newInstance(DelegatingConstructorAccessorImpl.java:45)\r\n\tat java.base/java.lang.reflect.Constructor.newInstanceWithCaller(Constructor.java:500)\r\n\tat java.base/java.lang.reflect.Constructor.newInstance(Constructor.java:481)\r\n\tat org.openqa.selenium.remote.ErrorCodec.decode(ErrorCodec.java:167)\r\n\tat org.openqa.selenium.remote.codec.w3c.W3CHttpResponseCodec.decode(W3CHttpResponseCodec.java:138)\r\n\tat org.openqa.selenium.remote.codec.w3c.W3CHttpResponseCodec.decode(W3CHttpResponseCodec.java:50)\r\n\tat org.openqa.selenium.remote.HttpCommandExecutor.execute(HttpCommandExecutor.java:190)\r\n\tat org.openqa.selenium.remote.service.DriverCommandExecutor.invokeExecute(DriverCommandExecutor.java:216)\r\n\tat org.openqa.selenium.remote.service.DriverCommandExecutor.execute(DriverCommandExecutor.java:174)\r\n\tat org.openqa.selenium.remote.RemoteWebDriver.execute(RemoteWebDriver.java:527)\r\n\tat org.openqa.selenium.remote.RemoteWebDriver.get(RemoteWebDriver.java:302)\r\n\tat com.revature.poms.LoginPage.login(LoginPage.java:59)\r\n\tat com.revature.steps.shared.SharedSteps.the_User_is_on_the(SharedSteps.java:26)\r\n\tat ✽.the User is on the \"http://localhost:8080/register\"(classpath:features/RegistrationCharacterLimit.feature:5)\r\n",
              "duration": 436360200,
              "status": "failed"
            },
            "line": 5,
            "name": "the User is on the \"http://localhost:8080/register\"",
            "match": {
              "arguments": [
                {
                  "val": "\"http://localhost:8080/register\"",
                  "offset": 19
                }
              ],
              "location": "com.revature.steps.shared.SharedSteps.the_User_is_on_the(java.lang.String)"
            },
            "keyword": "Given "
          },
          {
            "result": {
              "status": "skipped"
            },
            "line": 6,
            "name": "the User inputs \"BatmanAndRobinToTheRescue20202\"",
            "match": {},
            "keyword": "When "
          },
          {
            "result": {
              "status": "skipped"
            },
            "line": 7,
            "name": "inputs \"(no value)\"",
            "match": {
              "arguments": [
                {
                  "val": "\"(no value)\"",
                  "offset": 7
                }
              ],
              "location": "com.revature.steps.moons.DeleteMoonsSteps.inputs(java.lang.String)"
            },
            "keyword": "And "
          },
          {
            "result": {
              "status": "skipped"
            },
            "line": 8,
            "name": "clicks Create Account Button",
            "match": {},
            "keyword": "And "
          },
          {
            "result": {
              "status": "skipped"
            },
            "line": 9,
            "name": "the User should see an Alert saying \"User created\"",
            "match": {
              "arguments": [
                {
                  "val": "\"User created\"",
                  "offset": 36
                }
              ],
              "location": "com.revature.steps.moons.DeleteMoonsSteps.the_User_should_see_an_Alert_saying(java.lang.String)"
            },
            "keyword": "Then "
          },
          {
            "result": {
              "status": "skipped"
            },
            "line": 10,
            "name": "should \"User redirected to login page\"",
            "match": {
              "arguments": [
                {
                  "val": "\"User redirected to login page\"",
                  "offset": 7
                }
              ],
              "location": "com.revature.steps.moons.DeleteMoonsSteps.should(java.lang.String)"
            },
            "keyword": "And "
          }
        ]
      },
      {
        "start_timestamp": "2024-11-18T20:26:33.533Z",
        "line": 18,
        "name": "User Registration Username/Password 30 character Limit Requirement Test Case",
        "description": "\tValidating Users can open a new User account with the Planetarium when they provide a username and password that meet the character limit requirement, and if they don\u0027t their account should not be created",
        "id": "registrationcharacterlimit;user-registration-username/password-30-character-limit-requirement-test-case;;6",
        "type": "scenario",
        "keyword": "Scenario Outline",
        "steps": [
          {
            "result": {
              "error_message": "org.openqa.selenium.WebDriverException: unknown error: unhandled inspector error: {\"code\":-32000,\"message\":\"Not attached to an active page\"}\n  (Session info: chrome\u003d131.0.6778.69)\nBuild info: version: \u00274.23.0\u0027, revision: \u00274df0a231af\u0027\nSystem info: os.name: \u0027Windows 11\u0027, os.arch: \u0027amd64\u0027, os.version: \u002710.0\u0027, java.version: \u002717.0.12\u0027\nDriver info: org.openqa.selenium.chrome.ChromeDriver\nCommand: [6eab4b60430ca31664ebef667f3cbeab, get {url\u003dhttp://localhost:8080/}]\nCapabilities {acceptInsecureCerts: false, browserName: chrome, browserVersion: 131.0.6778.69, chrome: {chromedriverVersion: 131.0.6778.69 (77e2244bbcda..., userDataDir: C:\\Users\\KENAN_~1\\AppData\\L...}, fedcm:accounts: true, goog:chromeOptions: {debuggerAddress: localhost:62566}, networkConnectionEnabled: false, pageLoadStrategy: normal, platformName: windows, proxy: Proxy(), se:cdp: ws://localhost:62566/devtoo..., se:cdpVersion: 131.0.6778.69, setWindowRect: true, strictFileInteractability: false, timeouts: {implicit: 0, pageLoad: 300000, script: 30000}, unhandledPromptBehavior: dismiss and notify, webauthn:extension:credBlob: true, webauthn:extension:largeBlob: true, webauthn:extension:minPinLength: true, webauthn:extension:prf: true, webauthn:virtualAuthenticators: true}\nSession ID: 6eab4b60430ca31664ebef667f3cbeab\r\n\tat java.base/jdk.internal.reflect.NativeConstructorAccessorImpl.newInstance0(Native Method)\r\n\tat java.base/jdk.internal.reflect.NativeConstructorAccessorImpl.newInstance(NativeConstructorAccessorImpl.java:77)\r\n\tat java.base/jdk.internal.reflect.DelegatingConstructorAccessorImpl.newInstance(DelegatingConstructorAccessorImpl.java:45)\r\n\tat java.base/java.lang.reflect.Constructor.newInstanceWithCaller(Constructor.java:500)\r\n\tat java.base/java.lang.reflect.Constructor.newInstance(Constructor.java:481)\r\n\tat org.openqa.selenium.remote.ErrorCodec.decode(ErrorCodec.java:167)\r\n\tat org.openqa.selenium.remote.codec.w3c.W3CHttpResponseCodec.decode(W3CHttpResponseCodec.java:138)\r\n\tat org.openqa.selenium.remote.codec.w3c.W3CHttpResponseCodec.decode(W3CHttpResponseCodec.java:50)\r\n\tat org.openqa.selenium.remote.HttpCommandExecutor.execute(HttpCommandExecutor.java:190)\r\n\tat org.openqa.selenium.remote.service.DriverCommandExecutor.invokeExecute(DriverCommandExecutor.java:216)\r\n\tat org.openqa.selenium.remote.service.DriverCommandExecutor.execute(DriverCommandExecutor.java:174)\r\n\tat org.openqa.selenium.remote.RemoteWebDriver.execute(RemoteWebDriver.java:527)\r\n\tat org.openqa.selenium.remote.RemoteWebDriver.get(RemoteWebDriver.java:302)\r\n\tat com.revature.poms.LoginPage.login(LoginPage.java:59)\r\n\tat com.revature.steps.shared.SharedSteps.the_User_is_on_the(SharedSteps.java:26)\r\n\tat ✽.the User is on the \"http://localhost:8080/register\"(classpath:features/RegistrationCharacterLimit.feature:5)\r\n",
              "duration": 90399600,
              "status": "failed"
            },
            "line": 5,
            "name": "the User is on the \"http://localhost:8080/register\"",
            "match": {
              "arguments": [
                {
                  "val": "\"http://localhost:8080/register\"",
                  "offset": 19
                }
              ],
              "location": "com.revature.steps.shared.SharedSteps.the_User_is_on_the(java.lang.String)"
            },
            "keyword": "Given "
          },
          {
            "result": {
              "status": "skipped"
            },
            "line": 6,
            "name": "the User inputs \"BatmanAndRobinToTheRescue20202\"",
            "match": {},
            "keyword": "When "
          },
          {
            "result": {
              "status": "skipped"
            },
            "line": 7,
            "name": "inputs \"GordonIsMyHeroForeverGoodMan11\"",
            "match": {
              "arguments": [
                {
                  "val": "\"GordonIsMyHeroForeverGoodMan11\"",
                  "offset": 7
                }
              ],
              "location": "com.revature.steps.moons.DeleteMoonsSteps.inputs(java.lang.String)"
            },
            "keyword": "And "
          },
          {
            "result": {
              "status": "skipped"
            },
            "line": 8,
            "name": "clicks Create Account Button",
            "match": {},
            "keyword": "And "
          },
          {
            "result": {
              "status": "skipped"
            },
            "line": 9,
            "name": "the User should see an Alert saying \"User created\"",
            "match": {
              "arguments": [
                {
                  "val": "\"User created\"",
                  "offset": 36
                }
              ],
              "location": "com.revature.steps.moons.DeleteMoonsSteps.the_User_should_see_an_Alert_saying(java.lang.String)"
            },
            "keyword": "Then "
          },
          {
            "result": {
              "status": "skipped"
            },
            "line": 10,
            "name": "should \"User redirected to login page\"",
            "match": {
              "arguments": [
                {
                  "val": "\"User redirected to login page\"",
                  "offset": 7
                }
              ],
              "location": "com.revature.steps.moons.DeleteMoonsSteps.should(java.lang.String)"
            },
            "keyword": "And "
          }
        ]
      },
      {
        "start_timestamp": "2024-11-18T20:26:33.687Z",
        "line": 19,
        "name": "User Registration Username/Password 30 character Limit Requirement Test Case",
        "description": "\tValidating Users can open a new User account with the Planetarium when they provide a username and password that meet the character limit requirement, and if they don\u0027t their account should not be created",
        "id": "registrationcharacterlimit;user-registration-username/password-30-character-limit-requirement-test-case;;7",
        "type": "scenario",
        "keyword": "Scenario Outline",
        "steps": [
          {
            "result": {
              "error_message": "org.openqa.selenium.WebDriverException: unknown error: unhandled inspector error: {\"code\":-32000,\"message\":\"Not attached to an active page\"}\n  (Session info: chrome\u003d131.0.6778.69)\nBuild info: version: \u00274.23.0\u0027, revision: \u00274df0a231af\u0027\nSystem info: os.name: \u0027Windows 11\u0027, os.arch: \u0027amd64\u0027, os.version: \u002710.0\u0027, java.version: \u002717.0.12\u0027\nDriver info: org.openqa.selenium.chrome.ChromeDriver\nCommand: [6eab4b60430ca31664ebef667f3cbeab, get {url\u003dhttp://localhost:8080/}]\nCapabilities {acceptInsecureCerts: false, browserName: chrome, browserVersion: 131.0.6778.69, chrome: {chromedriverVersion: 131.0.6778.69 (77e2244bbcda..., userDataDir: C:\\Users\\KENAN_~1\\AppData\\L...}, fedcm:accounts: true, goog:chromeOptions: {debuggerAddress: localhost:62566}, networkConnectionEnabled: false, pageLoadStrategy: normal, platformName: windows, proxy: Proxy(), se:cdp: ws://localhost:62566/devtoo..., se:cdpVersion: 131.0.6778.69, setWindowRect: true, strictFileInteractability: false, timeouts: {implicit: 0, pageLoad: 300000, script: 30000}, unhandledPromptBehavior: dismiss and notify, webauthn:extension:credBlob: true, webauthn:extension:largeBlob: true, webauthn:extension:minPinLength: true, webauthn:extension:prf: true, webauthn:virtualAuthenticators: true}\nSession ID: 6eab4b60430ca31664ebef667f3cbeab\r\n\tat java.base/jdk.internal.reflect.NativeConstructorAccessorImpl.newInstance0(Native Method)\r\n\tat java.base/jdk.internal.reflect.NativeConstructorAccessorImpl.newInstance(NativeConstructorAccessorImpl.java:77)\r\n\tat java.base/jdk.internal.reflect.DelegatingConstructorAccessorImpl.newInstance(DelegatingConstructorAccessorImpl.java:45)\r\n\tat java.base/java.lang.reflect.Constructor.newInstanceWithCaller(Constructor.java:500)\r\n\tat java.base/java.lang.reflect.Constructor.newInstance(Constructor.java:481)\r\n\tat org.openqa.selenium.remote.ErrorCodec.decode(ErrorCodec.java:167)\r\n\tat org.openqa.selenium.remote.codec.w3c.W3CHttpResponseCodec.decode(W3CHttpResponseCodec.java:138)\r\n\tat org.openqa.selenium.remote.codec.w3c.W3CHttpResponseCodec.decode(W3CHttpResponseCodec.java:50)\r\n\tat org.openqa.selenium.remote.HttpCommandExecutor.execute(HttpCommandExecutor.java:190)\r\n\tat org.openqa.selenium.remote.service.DriverCommandExecutor.invokeExecute(DriverCommandExecutor.java:216)\r\n\tat org.openqa.selenium.remote.service.DriverCommandExecutor.execute(DriverCommandExecutor.java:174)\r\n\tat org.openqa.selenium.remote.RemoteWebDriver.execute(RemoteWebDriver.java:527)\r\n\tat org.openqa.selenium.remote.RemoteWebDriver.get(RemoteWebDriver.java:302)\r\n\tat com.revature.poms.LoginPage.login(LoginPage.java:59)\r\n\tat com.revature.steps.shared.SharedSteps.the_User_is_on_the(SharedSteps.java:26)\r\n\tat ✽.the User is on the \"http://localhost:8080/register\"(classpath:features/RegistrationCharacterLimit.feature:5)\r\n",
              "duration": 27415800,
              "status": "failed"
            },
            "line": 5,
            "name": "the User is on the \"http://localhost:8080/register\"",
            "match": {
              "arguments": [
                {
                  "val": "\"http://localhost:8080/register\"",
                  "offset": 19
                }
              ],
              "location": "com.revature.steps.shared.SharedSteps.the_User_is_on_the(java.lang.String)"
            },
            "keyword": "Given "
          },
          {
            "result": {
              "status": "skipped"
            },
            "line": 6,
            "name": "the User inputs \"BatmanAndRobinToTheRescue20202\"",
            "match": {},
            "keyword": "When "
          },
          {
            "result": {
              "status": "skipped"
            },
            "line": 7,
            "name": "inputs \"LexLuthorIsSchemingAgainOhNo!!!\"",
            "match": {
              "arguments": [
                {
                  "val": "\"LexLuthorIsSchemingAgainOhNo!!!\"",
                  "offset": 7
                }
              ],
              "location": "com.revature.steps.moons.DeleteMoonsSteps.inputs(java.lang.String)"
            },
            "keyword": "And "
          },
          {
            "result": {
              "status": "skipped"
            },
            "line": 8,
            "name": "clicks Create Account Button",
            "match": {},
            "keyword": "And "
          },
          {
            "result": {
              "status": "skipped"
            },
            "line": 9,
            "name": "the User should see an Alert saying \"User not created\"",
            "match": {
              "arguments": [
                {
                  "val": "\"User not created\"",
                  "offset": 36
                }
              ],
              "location": "com.revature.steps.moons.DeleteMoonsSteps.the_User_should_see_an_Alert_saying(java.lang.String)"
            },
            "keyword": "Then "
          },
          {
            "result": {
              "duration": 974100,
              "status": "skipped"
            },
            "line": 10,
            "name": "should \"User remains on creation page\"",
            "match": {
              "arguments": [
                {
                  "val": "\"User remains on creation page\"",
                  "offset": 7
                }
              ],
              "location": "com.revature.steps.moons.DeleteMoonsSteps.should(java.lang.String)"
            },
            "keyword": "And "
          }
        ]
      },
      {
        "start_timestamp": "2024-11-18T20:26:33.790Z",
        "line": 20,
        "name": "User Registration Username/Password 30 character Limit Requirement Test Case",
        "description": "\tValidating Users can open a new User account with the Planetarium when they provide a username and password that meet the character limit requirement, and if they don\u0027t their account should not be created",
        "id": "registrationcharacterlimit;user-registration-username/password-30-character-limit-requirement-test-case;;8",
        "type": "scenario",
        "keyword": "Scenario Outline",
        "steps": [
          {
            "result": {
              "error_message": "org.openqa.selenium.WebDriverException: unknown error: unhandled inspector error: {\"code\":-32000,\"message\":\"Not attached to an active page\"}\n  (Session info: chrome\u003d131.0.6778.69)\nBuild info: version: \u00274.23.0\u0027, revision: \u00274df0a231af\u0027\nSystem info: os.name: \u0027Windows 11\u0027, os.arch: \u0027amd64\u0027, os.version: \u002710.0\u0027, java.version: \u002717.0.12\u0027\nDriver info: org.openqa.selenium.chrome.ChromeDriver\nCommand: [6eab4b60430ca31664ebef667f3cbeab, get {url\u003dhttp://localhost:8080/}]\nCapabilities {acceptInsecureCerts: false, browserName: chrome, browserVersion: 131.0.6778.69, chrome: {chromedriverVersion: 131.0.6778.69 (77e2244bbcda..., userDataDir: C:\\Users\\KENAN_~1\\AppData\\L...}, fedcm:accounts: true, goog:chromeOptions: {debuggerAddress: localhost:62566}, networkConnectionEnabled: false, pageLoadStrategy: normal, platformName: windows, proxy: Proxy(), se:cdp: ws://localhost:62566/devtoo..., se:cdpVersion: 131.0.6778.69, setWindowRect: true, strictFileInteractability: false, timeouts: {implicit: 0, pageLoad: 300000, script: 30000}, unhandledPromptBehavior: dismiss and notify, webauthn:extension:credBlob: true, webauthn:extension:largeBlob: true, webauthn:extension:minPinLength: true, webauthn:extension:prf: true, webauthn:virtualAuthenticators: true}\nSession ID: 6eab4b60430ca31664ebef667f3cbeab\r\n\tat java.base/jdk.internal.reflect.NativeConstructorAccessorImpl.newInstance0(Native Method)\r\n\tat java.base/jdk.internal.reflect.NativeConstructorAccessorImpl.newInstance(NativeConstructorAccessorImpl.java:77)\r\n\tat java.base/jdk.internal.reflect.DelegatingConstructorAccessorImpl.newInstance(DelegatingConstructorAccessorImpl.java:45)\r\n\tat java.base/java.lang.reflect.Constructor.newInstanceWithCaller(Constructor.java:500)\r\n\tat java.base/java.lang.reflect.Constructor.newInstance(Constructor.java:481)\r\n\tat org.openqa.selenium.remote.ErrorCodec.decode(ErrorCodec.java:167)\r\n\tat org.openqa.selenium.remote.codec.w3c.W3CHttpResponseCodec.decode(W3CHttpResponseCodec.java:138)\r\n\tat org.openqa.selenium.remote.codec.w3c.W3CHttpResponseCodec.decode(W3CHttpResponseCodec.java:50)\r\n\tat org.openqa.selenium.remote.HttpCommandExecutor.execute(HttpCommandExecutor.java:190)\r\n\tat org.openqa.selenium.remote.service.DriverCommandExecutor.invokeExecute(DriverCommandExecutor.java:216)\r\n\tat org.openqa.selenium.remote.service.DriverCommandExecutor.execute(DriverCommandExecutor.java:174)\r\n\tat org.openqa.selenium.remote.RemoteWebDriver.execute(RemoteWebDriver.java:527)\r\n\tat org.openqa.selenium.remote.RemoteWebDriver.get(RemoteWebDriver.java:302)\r\n\tat com.revature.poms.LoginPage.login(LoginPage.java:59)\r\n\tat com.revature.steps.shared.SharedSteps.the_User_is_on_the(SharedSteps.java:26)\r\n\tat ✽.the User is on the \"http://localhost:8080/register\"(classpath:features/RegistrationCharacterLimit.feature:5)\r\n",
              "duration": 116222200,
              "status": "failed"
            },
            "line": 5,
            "name": "the User is on the \"http://localhost:8080/register\"",
            "match": {
              "arguments": [
                {
                  "val": "\"http://localhost:8080/register\"",
                  "offset": 19
                }
              ],
              "location": "com.revature.steps.shared.SharedSteps.the_User_is_on_the(java.lang.String)"
            },
            "keyword": "Given "
          },
          {
            "result": {
              "duration": 595400,
              "status": "skipped"
            },
            "line": 6,
            "name": "the User inputs \"JokerAndRiddlerAreAtItAgain1010\"",
            "match": {},
            "keyword": "When "
          },
          {
            "result": {
              "duration": 6885200,
              "status": "skipped"
            },
            "line": 7,
            "name": "inputs \"(no value)\"",
            "match": {
              "arguments": [
                {
                  "val": "\"(no value)\"",
                  "offset": 7
                }
              ],
              "location": "com.revature.steps.moons.DeleteMoonsSteps.inputs(java.lang.String)"
            },
            "keyword": "And "
          },
          {
            "result": {
              "duration": 633600,
              "status": "skipped"
            },
            "line": 8,
            "name": "clicks Create Account Button",
            "match": {},
            "keyword": "And "
          },
          {
            "result": {
              "duration": 1095000,
              "status": "skipped"
            },
            "line": 9,
            "name": "the User should see an Alert saying \"User not created\"",
            "match": {
              "arguments": [
                {
                  "val": "\"User not created\"",
                  "offset": 36
                }
              ],
              "location": "com.revature.steps.moons.DeleteMoonsSteps.the_User_should_see_an_Alert_saying(java.lang.String)"
            },
            "keyword": "Then "
          },
          {
            "result": {
              "duration": 979800,
              "status": "skipped"
            },
            "line": 10,
            "name": "should \"User remains on creation page\"",
            "match": {
              "arguments": [
                {
                  "val": "\"User remains on creation page\"",
                  "offset": 7
                }
              ],
              "location": "com.revature.steps.moons.DeleteMoonsSteps.should(java.lang.String)"
            },
            "keyword": "And "
          }
        ]
      },
      {
        "start_timestamp": "2024-11-18T20:26:34.048Z",
        "line": 21,
        "name": "User Registration Username/Password 30 character Limit Requirement Test Case",
        "description": "\tValidating Users can open a new User account with the Planetarium when they provide a username and password that meet the character limit requirement, and if they don\u0027t their account should not be created",
        "id": "registrationcharacterlimit;user-registration-username/password-30-character-limit-requirement-test-case;;9",
        "type": "scenario",
        "keyword": "Scenario Outline",
        "steps": [
          {
            "result": {
              "error_message": "org.openqa.selenium.WebDriverException: unknown error: unhandled inspector error: {\"code\":-32000,\"message\":\"Not attached to an active page\"}\n  (Session info: chrome\u003d131.0.6778.69)\nBuild info: version: \u00274.23.0\u0027, revision: \u00274df0a231af\u0027\nSystem info: os.name: \u0027Windows 11\u0027, os.arch: \u0027amd64\u0027, os.version: \u002710.0\u0027, java.version: \u002717.0.12\u0027\nDriver info: org.openqa.selenium.chrome.ChromeDriver\nCommand: [6eab4b60430ca31664ebef667f3cbeab, get {url\u003dhttp://localhost:8080/}]\nCapabilities {acceptInsecureCerts: false, browserName: chrome, browserVersion: 131.0.6778.69, chrome: {chromedriverVersion: 131.0.6778.69 (77e2244bbcda..., userDataDir: C:\\Users\\KENAN_~1\\AppData\\L...}, fedcm:accounts: true, goog:chromeOptions: {debuggerAddress: localhost:62566}, networkConnectionEnabled: false, pageLoadStrategy: normal, platformName: windows, proxy: Proxy(), se:cdp: ws://localhost:62566/devtoo..., se:cdpVersion: 131.0.6778.69, setWindowRect: true, strictFileInteractability: false, timeouts: {implicit: 0, pageLoad: 300000, script: 30000}, unhandledPromptBehavior: dismiss and notify, webauthn:extension:credBlob: true, webauthn:extension:largeBlob: true, webauthn:extension:minPinLength: true, webauthn:extension:prf: true, webauthn:virtualAuthenticators: true}\nSession ID: 6eab4b60430ca31664ebef667f3cbeab\r\n\tat jdk.internal.reflect.GeneratedConstructorAccessor14.newInstance(Unknown Source)\r\n\tat java.base/jdk.internal.reflect.DelegatingConstructorAccessorImpl.newInstance(DelegatingConstructorAccessorImpl.java:45)\r\n\tat java.base/java.lang.reflect.Constructor.newInstanceWithCaller(Constructor.java:500)\r\n\tat java.base/java.lang.reflect.Constructor.newInstance(Constructor.java:481)\r\n\tat org.openqa.selenium.remote.ErrorCodec.decode(ErrorCodec.java:167)\r\n\tat org.openqa.selenium.remote.codec.w3c.W3CHttpResponseCodec.decode(W3CHttpResponseCodec.java:138)\r\n\tat org.openqa.selenium.remote.codec.w3c.W3CHttpResponseCodec.decode(W3CHttpResponseCodec.java:50)\r\n\tat org.openqa.selenium.remote.HttpCommandExecutor.execute(HttpCommandExecutor.java:190)\r\n\tat org.openqa.selenium.remote.service.DriverCommandExecutor.invokeExecute(DriverCommandExecutor.java:216)\r\n\tat org.openqa.selenium.remote.service.DriverCommandExecutor.execute(DriverCommandExecutor.java:174)\r\n\tat org.openqa.selenium.remote.RemoteWebDriver.execute(RemoteWebDriver.java:527)\r\n\tat org.openqa.selenium.remote.RemoteWebDriver.get(RemoteWebDriver.java:302)\r\n\tat com.revature.poms.LoginPage.login(LoginPage.java:59)\r\n\tat com.revature.steps.shared.SharedSteps.the_User_is_on_the(SharedSteps.java:26)\r\n\tat ✽.the User is on the \"http://localhost:8080/register\"(classpath:features/RegistrationCharacterLimit.feature:5)\r\n",
              "duration": 47686500,
              "status": "failed"
            },
            "line": 5,
            "name": "the User is on the \"http://localhost:8080/register\"",
            "match": {
              "arguments": [
                {
                  "val": "\"http://localhost:8080/register\"",
                  "offset": 19
                }
              ],
              "location": "com.revature.steps.shared.SharedSteps.the_User_is_on_the(java.lang.String)"
            },
            "keyword": "Given "
          },
          {
            "result": {
              "status": "skipped"
            },
            "line": 6,
            "name": "the User inputs \"JokerAndRiddlerAreAtItAgain1010\"",
            "match": {},
            "keyword": "When "
          },
          {
            "result": {
              "status": "skipped"
            },
            "line": 7,
            "name": "inputs \"GordonIsMyHeroForeverGoodMan11\"",
            "match": {
              "arguments": [
                {
                  "val": "\"GordonIsMyHeroForeverGoodMan11\"",
                  "offset": 7
                }
              ],
              "location": "com.revature.steps.moons.DeleteMoonsSteps.inputs(java.lang.String)"
            },
            "keyword": "And "
          },
          {
            "result": {
              "duration": 1638200,
              "status": "skipped"
            },
            "line": 8,
            "name": "clicks Create Account Button",
            "match": {},
            "keyword": "And "
          },
          {
            "result": {
              "status": "skipped"
            },
            "line": 9,
            "name": "the User should see an Alert saying \"User not created\"",
            "match": {
              "arguments": [
                {
                  "val": "\"User not created\"",
                  "offset": 36
                }
              ],
              "location": "com.revature.steps.moons.DeleteMoonsSteps.the_User_should_see_an_Alert_saying(java.lang.String)"
            },
            "keyword": "Then "
          },
          {
            "result": {
              "status": "skipped"
            },
            "line": 10,
            "name": "should \"User remains on creation page\"",
            "match": {
              "arguments": [
                {
                  "val": "\"User remains on creation page\"",
                  "offset": 7
                }
              ],
              "location": "com.revature.steps.moons.DeleteMoonsSteps.should(java.lang.String)"
            },
            "keyword": "And "
          }
        ]
      },
      {
        "start_timestamp": "2024-11-18T20:26:34.162Z",
        "line": 22,
        "name": "User Registration Username/Password 30 character Limit Requirement Test Case",
        "description": "\tValidating Users can open a new User account with the Planetarium when they provide a username and password that meet the character limit requirement, and if they don\u0027t their account should not be created",
        "id": "registrationcharacterlimit;user-registration-username/password-30-character-limit-requirement-test-case;;10",
        "type": "scenario",
        "keyword": "Scenario Outline",
        "steps": [
          {
            "result": {
              "error_message": "org.openqa.selenium.WebDriverException: unknown error: unhandled inspector error: {\"code\":-32000,\"message\":\"Not attached to an active page\"}\n  (Session info: chrome\u003d131.0.6778.69)\nBuild info: version: \u00274.23.0\u0027, revision: \u00274df0a231af\u0027\nSystem info: os.name: \u0027Windows 11\u0027, os.arch: \u0027amd64\u0027, os.version: \u002710.0\u0027, java.version: \u002717.0.12\u0027\nDriver info: org.openqa.selenium.chrome.ChromeDriver\nCommand: [6eab4b60430ca31664ebef667f3cbeab, get {url\u003dhttp://localhost:8080/}]\nCapabilities {acceptInsecureCerts: false, browserName: chrome, browserVersion: 131.0.6778.69, chrome: {chromedriverVersion: 131.0.6778.69 (77e2244bbcda..., userDataDir: C:\\Users\\KENAN_~1\\AppData\\L...}, fedcm:accounts: true, goog:chromeOptions: {debuggerAddress: localhost:62566}, networkConnectionEnabled: false, pageLoadStrategy: normal, platformName: windows, proxy: Proxy(), se:cdp: ws://localhost:62566/devtoo..., se:cdpVersion: 131.0.6778.69, setWindowRect: true, strictFileInteractability: false, timeouts: {implicit: 0, pageLoad: 300000, script: 30000}, unhandledPromptBehavior: dismiss and notify, webauthn:extension:credBlob: true, webauthn:extension:largeBlob: true, webauthn:extension:minPinLength: true, webauthn:extension:prf: true, webauthn:virtualAuthenticators: true}\nSession ID: 6eab4b60430ca31664ebef667f3cbeab\r\n\tat jdk.internal.reflect.GeneratedConstructorAccessor14.newInstance(Unknown Source)\r\n\tat java.base/jdk.internal.reflect.DelegatingConstructorAccessorImpl.newInstance(DelegatingConstructorAccessorImpl.java:45)\r\n\tat java.base/java.lang.reflect.Constructor.newInstanceWithCaller(Constructor.java:500)\r\n\tat java.base/java.lang.reflect.Constructor.newInstance(Constructor.java:481)\r\n\tat org.openqa.selenium.remote.ErrorCodec.decode(ErrorCodec.java:167)\r\n\tat org.openqa.selenium.remote.codec.w3c.W3CHttpResponseCodec.decode(W3CHttpResponseCodec.java:138)\r\n\tat org.openqa.selenium.remote.codec.w3c.W3CHttpResponseCodec.decode(W3CHttpResponseCodec.java:50)\r\n\tat org.openqa.selenium.remote.HttpCommandExecutor.execute(HttpCommandExecutor.java:190)\r\n\tat org.openqa.selenium.remote.service.DriverCommandExecutor.invokeExecute(DriverCommandExecutor.java:216)\r\n\tat org.openqa.selenium.remote.service.DriverCommandExecutor.execute(DriverCommandExecutor.java:174)\r\n\tat org.openqa.selenium.remote.RemoteWebDriver.execute(RemoteWebDriver.java:527)\r\n\tat org.openqa.selenium.remote.RemoteWebDriver.get(RemoteWebDriver.java:302)\r\n\tat com.revature.poms.LoginPage.login(LoginPage.java:59)\r\n\tat com.revature.steps.shared.SharedSteps.the_User_is_on_the(SharedSteps.java:26)\r\n\tat ✽.the User is on the \"http://localhost:8080/register\"(classpath:features/RegistrationCharacterLimit.feature:5)\r\n",
              "duration": 41217200,
              "status": "failed"
            },
            "line": 5,
            "name": "the User is on the \"http://localhost:8080/register\"",
            "match": {
              "arguments": [
                {
                  "val": "\"http://localhost:8080/register\"",
                  "offset": 19
                }
              ],
              "location": "com.revature.steps.shared.SharedSteps.the_User_is_on_the(java.lang.String)"
            },
            "keyword": "Given "
          },
          {
            "result": {
              "duration": 999500,
              "status": "skipped"
            },
            "line": 6,
            "name": "the User inputs \"JokerAndRiddlerAreAtItAgain1010\"",
            "match": {},
            "keyword": "When "
          },
          {
            "result": {
              "duration": 1000500,
              "status": "skipped"
            },
            "line": 7,
            "name": "inputs \"LexLuthorIsSchemingAgainOhNo!!!\"",
            "match": {
              "arguments": [
                {
                  "val": "\"LexLuthorIsSchemingAgainOhNo!!!\"",
                  "offset": 7
                }
              ],
              "location": "com.revature.steps.moons.DeleteMoonsSteps.inputs(java.lang.String)"
            },
            "keyword": "And "
          },
          {
            "result": {
              "duration": 1996400,
              "status": "skipped"
            },
            "line": 8,
            "name": "clicks Create Account Button",
            "match": {},
            "keyword": "And "
          },
          {
            "result": {
              "status": "skipped"
            },
            "line": 9,
            "name": "the User should see an Alert saying \"User not created\"",
            "match": {
              "arguments": [
                {
                  "val": "\"User not created\"",
                  "offset": 36
                }
              ],
              "location": "com.revature.steps.moons.DeleteMoonsSteps.the_User_should_see_an_Alert_saying(java.lang.String)"
            },
            "keyword": "Then "
          },
          {
            "result": {
              "duration": 1602200,
              "status": "skipped"
            },
            "line": 10,
            "name": "should \"User remains on creation page\"",
            "match": {
              "arguments": [
                {
                  "val": "\"User remains on creation page\"",
                  "offset": 7
                }
              ],
              "location": "com.revature.steps.moons.DeleteMoonsSteps.should(java.lang.String)"
            },
            "keyword": "And "
          }
        ]
      }
    ],
    "name": "RegistrationCharacterLimit",
    "description": "",
    "id": "registrationcharacterlimit",
    "keyword": "Feature",
    "uri": "classpath:features/RegistrationCharacterLimit.feature",
    "tags": []
  },
  {
    "line": 1,
    "elements": [
      {
        "start_timestamp": "2024-11-18T20:26:34.521Z",
        "line": 14,
        "name": "Automated User Registration Unique Username Requirement Test Case",
        "description": "\tValidating Users can open a new User account with the Planetarium when they provide a valid password and a unique username, and if the username is not unique their account should not be created",
        "id": "registrationuniqueusername;automated-user-registration-unique-username-requirement-test-case;;2",
        "type": "scenario",
        "keyword": "Scenario Outline",
        "steps": [
          {
            "result": {
              "error_message": "org.openqa.selenium.WebDriverException: unknown error: unhandled inspector error: {\"code\":-32000,\"message\":\"Not attached to an active page\"}\n  (Session info: chrome\u003d131.0.6778.69)\nBuild info: version: \u00274.23.0\u0027, revision: \u00274df0a231af\u0027\nSystem info: os.name: \u0027Windows 11\u0027, os.arch: \u0027amd64\u0027, os.version: \u002710.0\u0027, java.version: \u002717.0.12\u0027\nDriver info: org.openqa.selenium.chrome.ChromeDriver\nCommand: [6eab4b60430ca31664ebef667f3cbeab, get {url\u003dhttp://localhost:8080/}]\nCapabilities {acceptInsecureCerts: false, browserName: chrome, browserVersion: 131.0.6778.69, chrome: {chromedriverVersion: 131.0.6778.69 (77e2244bbcda..., userDataDir: C:\\Users\\KENAN_~1\\AppData\\L...}, fedcm:accounts: true, goog:chromeOptions: {debuggerAddress: localhost:62566}, networkConnectionEnabled: false, pageLoadStrategy: normal, platformName: windows, proxy: Proxy(), se:cdp: ws://localhost:62566/devtoo..., se:cdpVersion: 131.0.6778.69, setWindowRect: true, strictFileInteractability: false, timeouts: {implicit: 0, pageLoad: 300000, script: 30000}, unhandledPromptBehavior: dismiss and notify, webauthn:extension:credBlob: true, webauthn:extension:largeBlob: true, webauthn:extension:minPinLength: true, webauthn:extension:prf: true, webauthn:virtualAuthenticators: true}\nSession ID: 6eab4b60430ca31664ebef667f3cbeab\r\n\tat jdk.internal.reflect.GeneratedConstructorAccessor14.newInstance(Unknown Source)\r\n\tat java.base/jdk.internal.reflect.DelegatingConstructorAccessorImpl.newInstance(DelegatingConstructorAccessorImpl.java:45)\r\n\tat java.base/java.lang.reflect.Constructor.newInstanceWithCaller(Constructor.java:500)\r\n\tat java.base/java.lang.reflect.Constructor.newInstance(Constructor.java:481)\r\n\tat org.openqa.selenium.remote.ErrorCodec.decode(ErrorCodec.java:167)\r\n\tat org.openqa.selenium.remote.codec.w3c.W3CHttpResponseCodec.decode(W3CHttpResponseCodec.java:138)\r\n\tat org.openqa.selenium.remote.codec.w3c.W3CHttpResponseCodec.decode(W3CHttpResponseCodec.java:50)\r\n\tat org.openqa.selenium.remote.HttpCommandExecutor.execute(HttpCommandExecutor.java:190)\r\n\tat org.openqa.selenium.remote.service.DriverCommandExecutor.invokeExecute(DriverCommandExecutor.java:216)\r\n\tat org.openqa.selenium.remote.service.DriverCommandExecutor.execute(DriverCommandExecutor.java:174)\r\n\tat org.openqa.selenium.remote.RemoteWebDriver.execute(RemoteWebDriver.java:527)\r\n\tat org.openqa.selenium.remote.RemoteWebDriver.get(RemoteWebDriver.java:302)\r\n\tat com.revature.poms.LoginPage.login(LoginPage.java:59)\r\n\tat com.revature.steps.shared.SharedSteps.the_User_is_on_the(SharedSteps.java:26)\r\n\tat ✽.the User is on the \"http://localhost:8080/register\"(classpath:features/RegistrationUniqueUsername.feature:5)\r\n",
              "duration": 84538700,
              "status": "failed"
            },
            "line": 5,
            "name": "the User is on the \"http://localhost:8080/register\"",
            "match": {
              "arguments": [
                {
                  "val": "\"http://localhost:8080/register\"",
                  "offset": 19
                }
              ],
              "location": "com.revature.steps.shared.SharedSteps.the_User_is_on_the(java.lang.String)"
            },
            "keyword": "Given "
          },
          {
            "result": {
              "status": "skipped"
            },
            "line": 6,
            "name": "the User enters unique Robin",
            "match": {},
            "keyword": "When "
          },
          {
            "result": {
              "status": "skipped"
            },
            "line": 7,
            "name": "the User enter valid BatmanAndRobinToTheRescue20202",
            "match": {},
            "keyword": "And "
          },
          {
            "result": {
              "status": "skipped"
            },
            "line": 8,
            "name": "the User clicks on Create Account button",
            "match": {},
            "keyword": "And "
          },
          {
            "result": {
              "status": "skipped"
            },
            "line": 9,
            "name": "the User should be given alert \"User created\"",
            "match": {},
            "keyword": "Then "
          },
          {
            "result": {
              "status": "skipped"
            },
            "line": 10,
            "name": "should \"\u003cUser Creation Redirect\u003e\"",
            "match": {
              "arguments": [
                {
                  "val": "\"\u003cUser Creation Redirect\u003e\"",
                  "offset": 7
                }
              ],
              "location": "com.revature.steps.moons.DeleteMoonsSteps.should(java.lang.String)"
            },
            "keyword": "And "
          }
        ]
      },
      {
        "start_timestamp": "2024-11-18T20:26:34.751Z",
        "line": 15,
        "name": "Automated User Registration Unique Username Requirement Test Case",
        "description": "\tValidating Users can open a new User account with the Planetarium when they provide a valid password and a unique username, and if the username is not unique their account should not be created",
        "id": "registrationuniqueusername;automated-user-registration-unique-username-requirement-test-case;;3",
        "type": "scenario",
        "keyword": "Scenario Outline",
        "steps": [
          {
            "result": {
              "error_message": "org.openqa.selenium.WebDriverException: unknown error: unhandled inspector error: {\"code\":-32000,\"message\":\"Not attached to an active page\"}\n  (Session info: chrome\u003d131.0.6778.69)\nBuild info: version: \u00274.23.0\u0027, revision: \u00274df0a231af\u0027\nSystem info: os.name: \u0027Windows 11\u0027, os.arch: \u0027amd64\u0027, os.version: \u002710.0\u0027, java.version: \u002717.0.12\u0027\nDriver info: org.openqa.selenium.chrome.ChromeDriver\nCommand: [6eab4b60430ca31664ebef667f3cbeab, get {url\u003dhttp://localhost:8080/}]\nCapabilities {acceptInsecureCerts: false, browserName: chrome, browserVersion: 131.0.6778.69, chrome: {chromedriverVersion: 131.0.6778.69 (77e2244bbcda..., userDataDir: C:\\Users\\KENAN_~1\\AppData\\L...}, fedcm:accounts: true, goog:chromeOptions: {debuggerAddress: localhost:62566}, networkConnectionEnabled: false, pageLoadStrategy: normal, platformName: windows, proxy: Proxy(), se:cdp: ws://localhost:62566/devtoo..., se:cdpVersion: 131.0.6778.69, setWindowRect: true, strictFileInteractability: false, timeouts: {implicit: 0, pageLoad: 300000, script: 30000}, unhandledPromptBehavior: dismiss and notify, webauthn:extension:credBlob: true, webauthn:extension:largeBlob: true, webauthn:extension:minPinLength: true, webauthn:extension:prf: true, webauthn:virtualAuthenticators: true}\nSession ID: 6eab4b60430ca31664ebef667f3cbeab\r\n\tat jdk.internal.reflect.GeneratedConstructorAccessor14.newInstance(Unknown Source)\r\n\tat java.base/jdk.internal.reflect.DelegatingConstructorAccessorImpl.newInstance(DelegatingConstructorAccessorImpl.java:45)\r\n\tat java.base/java.lang.reflect.Constructor.newInstanceWithCaller(Constructor.java:500)\r\n\tat java.base/java.lang.reflect.Constructor.newInstance(Constructor.java:481)\r\n\tat org.openqa.selenium.remote.ErrorCodec.decode(ErrorCodec.java:167)\r\n\tat org.openqa.selenium.remote.codec.w3c.W3CHttpResponseCodec.decode(W3CHttpResponseCodec.java:138)\r\n\tat org.openqa.selenium.remote.codec.w3c.W3CHttpResponseCodec.decode(W3CHttpResponseCodec.java:50)\r\n\tat org.openqa.selenium.remote.HttpCommandExecutor.execute(HttpCommandExecutor.java:190)\r\n\tat org.openqa.selenium.remote.service.DriverCommandExecutor.invokeExecute(DriverCommandExecutor.java:216)\r\n\tat org.openqa.selenium.remote.service.DriverCommandExecutor.execute(DriverCommandExecutor.java:174)\r\n\tat org.openqa.selenium.remote.RemoteWebDriver.execute(RemoteWebDriver.java:527)\r\n\tat org.openqa.selenium.remote.RemoteWebDriver.get(RemoteWebDriver.java:302)\r\n\tat com.revature.poms.LoginPage.login(LoginPage.java:59)\r\n\tat com.revature.steps.shared.SharedSteps.the_User_is_on_the(SharedSteps.java:26)\r\n\tat ✽.the User is on the \"http://localhost:8080/register\"(classpath:features/RegistrationUniqueUsername.feature:5)\r\n",
              "duration": 42021000,
              "status": "failed"
            },
            "line": 5,
            "name": "the User is on the \"http://localhost:8080/register\"",
            "match": {
              "arguments": [
                {
                  "val": "\"http://localhost:8080/register\"",
                  "offset": 19
                }
              ],
              "location": "com.revature.steps.shared.SharedSteps.the_User_is_on_the(java.lang.String)"
            },
            "keyword": "Given "
          },
          {
            "result": {
              "status": "skipped"
            },
            "line": 6,
            "name": "the User enters unique Batman",
            "match": {},
            "keyword": "When "
          },
          {
            "result": {
              "status": "skipped"
            },
            "line": 7,
            "name": "the User enter valid BatmanAndRobinToTheRescue20202",
            "match": {},
            "keyword": "And "
          },
          {
            "result": {
              "status": "skipped"
            },
            "line": 8,
            "name": "the User clicks on Create Account button",
            "match": {},
            "keyword": "And "
          },
          {
            "result": {
              "status": "skipped"
            },
            "line": 9,
            "name": "the User should be given alert \"User not created\"",
            "match": {},
            "keyword": "Then "
          },
          {
            "result": {
              "status": "skipped"
            },
            "line": 10,
            "name": "should \"\u003cUser Creation Redirect\u003e\"",
            "match": {
              "arguments": [
                {
                  "val": "\"\u003cUser Creation Redirect\u003e\"",
                  "offset": 7
                }
              ],
              "location": "com.revature.steps.moons.DeleteMoonsSteps.should(java.lang.String)"
            },
            "keyword": "And "
          }
        ]
      }
    ],
    "name": "RegistrationUniqueUsername",
    "description": "",
    "id": "registrationuniqueusername",
    "keyword": "Feature",
    "uri": "classpath:features/RegistrationUniqueUsername.feature",
    "tags": []
  },
  {
    "line": 1,
    "elements": [
      {
        "start_timestamp": "2024-11-18T20:26:34.887Z",
        "line": 9,
        "name": "Automated View Moons Test Case",
        "description": "",
        "id": "viewmoons;automated-view-moons-test-case;;2",
        "type": "scenario",
        "keyword": "Scenario Outline",
        "steps": [
          {
            "result": {
              "error_message": "org.openqa.selenium.WebDriverException: unknown error: unhandled inspector error: {\"code\":-32000,\"message\":\"Not attached to an active page\"}\n  (Session info: chrome\u003d131.0.6778.69)\nBuild info: version: \u00274.23.0\u0027, revision: \u00274df0a231af\u0027\nSystem info: os.name: \u0027Windows 11\u0027, os.arch: \u0027amd64\u0027, os.version: \u002710.0\u0027, java.version: \u002717.0.12\u0027\nDriver info: org.openqa.selenium.chrome.ChromeDriver\nCommand: [6eab4b60430ca31664ebef667f3cbeab, get {url\u003dhttp://localhost:8080/}]\nCapabilities {acceptInsecureCerts: false, browserName: chrome, browserVersion: 131.0.6778.69, chrome: {chromedriverVersion: 131.0.6778.69 (77e2244bbcda..., userDataDir: C:\\Users\\KENAN_~1\\AppData\\L...}, fedcm:accounts: true, goog:chromeOptions: {debuggerAddress: localhost:62566}, networkConnectionEnabled: false, pageLoadStrategy: normal, platformName: windows, proxy: Proxy(), se:cdp: ws://localhost:62566/devtoo..., se:cdpVersion: 131.0.6778.69, setWindowRect: true, strictFileInteractability: false, timeouts: {implicit: 0, pageLoad: 300000, script: 30000}, unhandledPromptBehavior: dismiss and notify, webauthn:extension:credBlob: true, webauthn:extension:largeBlob: true, webauthn:extension:minPinLength: true, webauthn:extension:prf: true, webauthn:virtualAuthenticators: true}\nSession ID: 6eab4b60430ca31664ebef667f3cbeab\r\n\tat jdk.internal.reflect.GeneratedConstructorAccessor14.newInstance(Unknown Source)\r\n\tat java.base/jdk.internal.reflect.DelegatingConstructorAccessorImpl.newInstance(DelegatingConstructorAccessorImpl.java:45)\r\n\tat java.base/java.lang.reflect.Constructor.newInstanceWithCaller(Constructor.java:500)\r\n\tat java.base/java.lang.reflect.Constructor.newInstance(Constructor.java:481)\r\n\tat org.openqa.selenium.remote.ErrorCodec.decode(ErrorCodec.java:167)\r\n\tat org.openqa.selenium.remote.codec.w3c.W3CHttpResponseCodec.decode(W3CHttpResponseCodec.java:138)\r\n\tat org.openqa.selenium.remote.codec.w3c.W3CHttpResponseCodec.decode(W3CHttpResponseCodec.java:50)\r\n\tat org.openqa.selenium.remote.HttpCommandExecutor.execute(HttpCommandExecutor.java:190)\r\n\tat org.openqa.selenium.remote.service.DriverCommandExecutor.invokeExecute(DriverCommandExecutor.java:216)\r\n\tat org.openqa.selenium.remote.service.DriverCommandExecutor.execute(DriverCommandExecutor.java:174)\r\n\tat org.openqa.selenium.remote.RemoteWebDriver.execute(RemoteWebDriver.java:527)\r\n\tat org.openqa.selenium.remote.RemoteWebDriver.get(RemoteWebDriver.java:302)\r\n\tat com.revature.poms.LoginPage.login(LoginPage.java:59)\r\n\tat com.revature.steps.moons.ViewMoonsSteps.theUserIsLoggedInAndOnTheAsAnd(ViewMoonsSteps.java:18)\r\n\tat ✽.the User is logged in and on the \"http://localhost:8080/planetarium\" as \"Batman\" and \"I am the night\"(classpath:features/ViewMoons.feature:4)\r\n",
              "duration": 79523700,
              "status": "failed"
            },
            "line": 4,
            "name": "the User is logged in and on the \"http://localhost:8080/planetarium\" as \"Batman\" and \"I am the night\"",
            "match": {
              "arguments": [
                {
                  "val": "\"http://localhost:8080/planetarium\"",
                  "offset": 33
                },
                {
                  "val": "\"Batman\"",
                  "offset": 72
                },
                {
                  "val": "\"I am the night\"",
                  "offset": 85
                }
              ],
              "location": "com.revature.steps.moons.ViewMoonsSteps.theUserIsLoggedInAndOnTheAsAnd(java.lang.String,java.lang.String,java.lang.String)"
            },
            "keyword": "Given "
          },
          {
            "result": {
              "duration": 934400,
              "status": "skipped"
            },
            "line": 5,
            "name": "the User should see \"2 Moons\"",
            "match": {
              "arguments": [
                {
                  "val": "\"2 Moons\"",
                  "offset": 20
                }
              ],
              "location": "com.revature.steps.moons.ViewMoonsSteps.the_User_should_see(java.lang.String)"
            },
            "keyword": "Then "
          }
        ]
      },
      {
        "start_timestamp": "2024-11-18T20:26:35.025Z",
        "line": 10,
        "name": "Automated View Moons Test Case",
        "description": "",
        "id": "viewmoons;automated-view-moons-test-case;;3",
        "type": "scenario",
        "keyword": "Scenario Outline",
        "steps": [
          {
            "result": {
              "error_message": "org.openqa.selenium.WebDriverException: unknown error: unhandled inspector error: {\"code\":-32000,\"message\":\"Not attached to an active page\"}\n  (Session info: chrome\u003d131.0.6778.69)\nBuild info: version: \u00274.23.0\u0027, revision: \u00274df0a231af\u0027\nSystem info: os.name: \u0027Windows 11\u0027, os.arch: \u0027amd64\u0027, os.version: \u002710.0\u0027, java.version: \u002717.0.12\u0027\nDriver info: org.openqa.selenium.chrome.ChromeDriver\nCommand: [6eab4b60430ca31664ebef667f3cbeab, get {url\u003dhttp://localhost:8080/}]\nCapabilities {acceptInsecureCerts: false, browserName: chrome, browserVersion: 131.0.6778.69, chrome: {chromedriverVersion: 131.0.6778.69 (77e2244bbcda..., userDataDir: C:\\Users\\KENAN_~1\\AppData\\L...}, fedcm:accounts: true, goog:chromeOptions: {debuggerAddress: localhost:62566}, networkConnectionEnabled: false, pageLoadStrategy: normal, platformName: windows, proxy: Proxy(), se:cdp: ws://localhost:62566/devtoo..., se:cdpVersion: 131.0.6778.69, setWindowRect: true, strictFileInteractability: false, timeouts: {implicit: 0, pageLoad: 300000, script: 30000}, unhandledPromptBehavior: dismiss and notify, webauthn:extension:credBlob: true, webauthn:extension:largeBlob: true, webauthn:extension:minPinLength: true, webauthn:extension:prf: true, webauthn:virtualAuthenticators: true}\nSession ID: 6eab4b60430ca31664ebef667f3cbeab\r\n\tat jdk.internal.reflect.GeneratedConstructorAccessor14.newInstance(Unknown Source)\r\n\tat java.base/jdk.internal.reflect.DelegatingConstructorAccessorImpl.newInstance(DelegatingConstructorAccessorImpl.java:45)\r\n\tat java.base/java.lang.reflect.Constructor.newInstanceWithCaller(Constructor.java:500)\r\n\tat java.base/java.lang.reflect.Constructor.newInstance(Constructor.java:481)\r\n\tat org.openqa.selenium.remote.ErrorCodec.decode(ErrorCodec.java:167)\r\n\tat org.openqa.selenium.remote.codec.w3c.W3CHttpResponseCodec.decode(W3CHttpResponseCodec.java:138)\r\n\tat org.openqa.selenium.remote.codec.w3c.W3CHttpResponseCodec.decode(W3CHttpResponseCodec.java:50)\r\n\tat org.openqa.selenium.remote.HttpCommandExecutor.execute(HttpCommandExecutor.java:190)\r\n\tat org.openqa.selenium.remote.service.DriverCommandExecutor.invokeExecute(DriverCommandExecutor.java:216)\r\n\tat org.openqa.selenium.remote.service.DriverCommandExecutor.execute(DriverCommandExecutor.java:174)\r\n\tat org.openqa.selenium.remote.RemoteWebDriver.execute(RemoteWebDriver.java:527)\r\n\tat org.openqa.selenium.remote.RemoteWebDriver.get(RemoteWebDriver.java:302)\r\n\tat com.revature.poms.LoginPage.login(LoginPage.java:59)\r\n\tat com.revature.steps.moons.ViewMoonsSteps.theUserIsLoggedInAndOnTheAsAnd(ViewMoonsSteps.java:18)\r\n\tat ✽.the User is logged in and on the \"http://localhost:8080/planetarium\" as \"Robin\" and \"BatmanAndRobinToTheRescue20202\"(classpath:features/ViewMoons.feature:4)\r\n",
              "duration": 24340200,
              "status": "failed"
            },
            "line": 4,
            "name": "the User is logged in and on the \"http://localhost:8080/planetarium\" as \"Robin\" and \"BatmanAndRobinToTheRescue20202\"",
            "match": {
              "arguments": [
                {
                  "val": "\"http://localhost:8080/planetarium\"",
                  "offset": 33
                },
                {
                  "val": "\"Robin\"",
                  "offset": 72
                },
                {
                  "val": "\"BatmanAndRobinToTheRescue20202\"",
                  "offset": 84
                }
              ],
              "location": "com.revature.steps.moons.ViewMoonsSteps.theUserIsLoggedInAndOnTheAsAnd(java.lang.String,java.lang.String,java.lang.String)"
            },
            "keyword": "Given "
          },
          {
            "result": {
              "duration": 910000,
              "status": "skipped"
            },
            "line": 5,
            "name": "the User should see \"0 Moons\"",
            "match": {
              "arguments": [
                {
                  "val": "\"0 Moons\"",
                  "offset": 20
                }
              ],
              "location": "com.revature.steps.moons.ViewMoonsSteps.the_User_should_see(java.lang.String)"
            },
            "keyword": "Then "
          }
        ]
      }
    ],
    "name": "ViewMoons",
    "description": "",
    "id": "viewmoons",
    "keyword": "Feature",
    "uri": "classpath:features/ViewMoons.feature",
    "tags": []
  }
]